#
# There is insufficient memory for the Java Runtime Environment to continue.
# Native memory allocation (mmap) failed to map 65536 bytes for Failed to commit metaspace.
# Possible reasons:
#   The system is out of physical RAM or swap space
#   The process is running with CompressedOops enabled, and the Java Heap may be blocking the growth of the native heap
# Possible solutions:
#   Reduce memory load on the system
#   Increase physical memory or swap space
#   Check if swap backing store is full
#   Decrease Java heap size (-Xmx/-Xms)
#   Decrease number of Java threads
#   Decrease Java thread stack sizes (-Xss)
#   Set larger code cache with -XX:ReservedCodeCacheSize=
#   JVM is running with Zero Based Compressed Oops mode in which the Java heap is
#     placed in the first 32GB address space. The Java Heap base address is the
#     maximum limit for the native heap growth. Please use -XX:HeapBaseMinAddress
#     to set the Java Heap base and to place the Java Heap above 32GB virtual address.
# This output file may be truncated or incomplete.
#
#  Out of Memory Error (virtualSpaceNode.cpp:110), pid=12148, tid=18624
#
# JRE version: OpenJDK Runtime Environment (19.0.2+7) (build 19.0.2+7-44)
# Java VM: OpenJDK 64-Bit Server VM (19.0.2+7-44, mixed mode, sharing, tiered, compressed oops, compressed class ptrs, g1 gc, windows-amd64)
# No core dump will be written. Minidumps are not enabled by default on client versions of Windows
#

---------------  S U M M A R Y ------------

Command Line: -javaagent:E:\Programs\IntelliJ IDEA 2022.3.2\lib\idea_rt.jar=3112:E:\Programs\IntelliJ IDEA 2022.3.2\bin -Dfile.encoding=UTF-8 -Dsun.stdout.encoding=UTF-8 -Dsun.stderr.encoding=UTF-8 Main

Host: Intel(R) Core(TM) i5-10500H CPU @ 2.50GHz, 12 cores, 15G,  Windows 10 , 64 bit Build 19041 (10.0.19041.2913)
Time: Tue May 23 22:50:57 2023 Egypt Daylight Time elapsed time: 0.196920 seconds (0d 0h 0m 0s)

---------------  T H R E A D  ---------------

Current thread (0x00000299aec22310):  JavaThread "main" [_thread_in_vm, id=18624, stack(0x0000009d10900000,0x0000009d10a00000)]

Stack: [0x0000009d10900000,0x0000009d10a00000]
Native frames: (J=compiled Java code, j=interpreted, Vv=VM code, C=native code)
V  [jvm.dll+0x6ee21a]
V  [jvm.dll+0x85765e]
V  [jvm.dll+0x85904e]
V  [jvm.dll+0x859703]
V  [jvm.dll+0x28298f]
V  [jvm.dll+0x8532db]
V  [jvm.dll+0x692cb6]
V  [jvm.dll+0x692d1a]
V  [jvm.dll+0x695613]
V  [jvm.dll+0x6954de]
V  [jvm.dll+0x6936de]
V  [jvm.dll+0x69dd07]
V  [jvm.dll+0x21e072]
V  [jvm.dll+0x21e5a5]
V  [jvm.dll+0x21ef01]
V  [jvm.dll+0x2146a1]
V  [jvm.dll+0x5a9cb6]
V  [jvm.dll+0x2257aa]
V  [jvm.dll+0x7cc802]
V  [jvm.dll+0x7cdc4a]
V  [jvm.dll+0x7ce3cd]
V  [jvm.dll+0x21f315]
V  [jvm.dll+0x2146ba]
V  [jvm.dll+0x5a9cb6]
V  [jvm.dll+0x2257aa]
V  [jvm.dll+0x7cc802]
V  [jvm.dll+0x7cdc4a]
V  [jvm.dll+0x4711b6]
C  [java.dll+0x1a55]

Java frames: (J=compiled Java code, j=interpreted, Vv=VM code)
j  java.lang.ClassLoader.findBootstrapClass(Ljava/lang/String;)Ljava/lang/Class;+0 java.base@19.0.2
j  java.lang.ClassLoader.findBootstrapClassOrNull(Ljava/lang/String;)Ljava/lang/Class;+10 java.base@19.0.2
j  java.lang.System$2.findBootstrapClassOrNull(Ljava/lang/String;)Ljava/lang/Class;+1 java.base@19.0.2
j  jdk.internal.loader.ClassLoaders$BootClassLoader.loadClassOrNull(Ljava/lang/String;Z)Ljava/lang/Class;+4 java.base@19.0.2
j  jdk.internal.loader.BuiltinClassLoader.loadClassOrNull(Ljava/lang/String;)Ljava/lang/Class;+3 java.base@19.0.2
j  jdk.internal.loader.BuiltinClassLoader.loadClassOrNull(Ljava/lang/String;Z)Ljava/lang/Class;+66 java.base@19.0.2
j  jdk.internal.loader.BuiltinClassLoader.loadClass(Ljava/lang/String;Z)Ljava/lang/Class;+3 java.base@19.0.2
j  jdk.internal.loader.ClassLoaders$AppClassLoader.loadClass(Ljava/lang/String;Z)Ljava/lang/Class;+36 java.base@19.0.2
j  java.lang.ClassLoader.loadClass(Ljava/lang/String;)Ljava/lang/Class;+3 java.base@19.0.2
v  ~StubRoutines::call_stub 0x00000299bf89100e
j  Main.main([Ljava/lang/String;)V+0
v  ~StubRoutines::call_stub 0x00000299bf89100e

---------------  P R O C E S S  ---------------

Threads class SMR info:
_java_thread_list=0x00000299d8735dd0, length=13, elements={
0x00000299aec22310, 0x00000299d3bae630, 0x00000299d3baef80, 0x00000299d3bb6670,
0x00000299d3bb6bb0, 0x00000299d3bb7890, 0x00000299d3bb86b0, 0x00000299d3bbf120,
0x00000299d3bc3a00, 0x00000299d3bc8390, 0x00000299d85f0540, 0x00000299d8734c00,
0x00000299d8735140
}

Java Threads: ( => current thread )
=>0x00000299aec22310 JavaThread "main" [_thread_in_vm, id=18624, stack(0x0000009d10900000,0x0000009d10a00000)]
  0x00000299d3bae630 JavaThread "Reference Handler" daemon [_thread_blocked, id=23912, stack(0x0000009d11000000,0x0000009d11100000)]
  0x00000299d3baef80 JavaThread "Finalizer" daemon [_thread_blocked, id=2100, stack(0x0000009d11100000,0x0000009d11200000)]
  0x00000299d3bb6670 JavaThread "Signal Dispatcher" daemon [_thread_blocked, id=25112, stack(0x0000009d11200000,0x0000009d11300000)]
  0x00000299d3bb6bb0 JavaThread "Attach Listener" daemon [_thread_blocked, id=264, stack(0x0000009d11300000,0x0000009d11400000)]
  0x00000299d3bb7890 JavaThread "Service Thread" daemon [_thread_blocked, id=5240, stack(0x0000009d11400000,0x0000009d11500000)]
  0x00000299d3bb86b0 JavaThread "Monitor Deflation Thread" daemon [_thread_blocked, id=22532, stack(0x0000009d11500000,0x0000009d11600000)]
  0x00000299d3bbf120 JavaThread "C2 CompilerThread0" daemon [_thread_blocked, id=28072, stack(0x0000009d11600000,0x0000009d11700000)]
  0x00000299d3bc3a00 JavaThread "C1 CompilerThread0" daemon [_thread_blocked, id=22540, stack(0x0000009d11700000,0x0000009d11800000)]
  0x00000299d3bc8390 JavaThread "Sweeper thread" daemon [_thread_blocked, id=14524, stack(0x0000009d11800000,0x0000009d11900000)]
  0x00000299d85f0540 JavaThread "Common-Cleaner" daemon [_thread_blocked, id=16824, stack(0x0000009d11900000,0x0000009d11a00000)]
  0x00000299d8734c00 JavaThread "Monitor Ctrl-Break" daemon [_thread_in_vm, id=18872, stack(0x0000009d11a00000,0x0000009d11b00000)]
  0x00000299d8735140 JavaThread "Notification Thread" daemon [_thread_blocked, id=12776, stack(0x0000009d11b00000,0x0000009d11c00000)]

Other Threads:
  0x00000299d3b925c0 VMThread "VM Thread" [stack: 0x0000009d10f00000,0x0000009d11000000] [id=19556]
  0x00000299d87372e0 WatcherThread "VM Periodic Task Thread" [stack: 0x0000009d11c00000,0x0000009d11d00000] [id=25724]
  0x00000299aec9a530 WorkerThread "GC Thread#0" [stack: 0x0000009d10a00000,0x0000009d10b00000] [id=27820]
  0x00000299aecab2b0 ConcurrentGCThread "G1 Main Marker" [stack: 0x0000009d10b00000,0x0000009d10c00000] [id=23992]
  0x00000299aecac480 WorkerThread "G1 Conc#0" [stack: 0x0000009d10c00000,0x0000009d10d00000] [id=6140]
  0x00000299aecede20 ConcurrentGCThread "G1 Refine#0" [stack: 0x0000009d10d00000,0x0000009d10e00000] [id=15396]
  0x00000299aecee960 ConcurrentGCThread "G1 Service" [stack: 0x0000009d10e00000,0x0000009d10f00000] [id=516]

Threads with active compile tasks:

VM state: not at safepoint (normal execution)

VM Mutex/Monitor currently owned by a thread:  ([mutex/lock_event])
[0x00000299aec1c020] Metaspace_lock - owner thread: 0x00000299aec22310

Heap address: 0x0000000703800000, size: 4040 MB, Compressed Oops mode: Zero based, Oop shift amount: 3

CDS archive(s) mapped at: [0x0000000800000000-0x0000000800c40000-0x0000000800c40000), size 12845056, SharedBaseAddress: 0x0000000800000000, ArchiveRelocationMode: 0.
Compressed class space mapped at: 0x0000000801000000-0x0000000841000000, reserved size: 1073741824
Narrow klass base: 0x0000000800000000, Narrow klass shift: 0, Narrow klass range: 0x100000000

GC Precious Log:
 CardTable entry size: 512
 Card Set container configuration: InlinePtr #cards 4 size 8 Array Of Cards #cards 16 size 48 Howl #buckets 8 coarsen threshold 3686 Howl Bitmap #cards 512 size 80 coarsen threshold 460 Card regions per heap region 1 cards per card region 4096
 CPUs: 12 total, 12 available
 Memory: 16159M
 Large Page Support: Disabled
 NUMA Support: Disabled
 Compressed Oops: Enabled (Zero based)
 Heap Region Size: 2M
 Heap Min Capacity: 8M
 Heap Initial Capacity: 254M
 Heap Max Capacity: 4040M
 Pre-touch: Disabled
 Parallel Workers: 10
 Concurrent Workers: 3
 Concurrent Refinement Workers: 10
 Periodic GC: Disabled

Heap:
 garbage-first heap   total 260096K, used 2048K [0x0000000703800000, 0x0000000800000000)
  region size 2048K, 2 young (4096K), 0 survivors (0K)
 Metaspace       used 994K, committed 1088K, reserved 1114112K
  class space    used 69K, committed 128K, reserved 1048576K

Heap Regions: E=young(eden), S=young(survivor), O=old, HS=humongous(starts), HC=humongous(continues), CS=collection set, F=free, OA=open archive, CA=closed archive, TAMS=top-at-mark-start (previous, next)
|   0|0x0000000703800000, 0x0000000703800000, 0x0000000703a00000|  0%| F|  |TAMS 0x0000000703800000, 0x0000000703800000| Untracked 
|   1|0x0000000703a00000, 0x0000000703a00000, 0x0000000703c00000|  0%| F|  |TAMS 0x0000000703a00000, 0x0000000703a00000| Untracked 
|   2|0x0000000703c00000, 0x0000000703c00000, 0x0000000703e00000|  0%| F|  |TAMS 0x0000000703c00000, 0x0000000703c00000| Untracked 
|   3|0x0000000703e00000, 0x0000000703e00000, 0x0000000704000000|  0%| F|  |TAMS 0x0000000703e00000, 0x0000000703e00000| Untracked 
|   4|0x0000000704000000, 0x0000000704000000, 0x0000000704200000|  0%| F|  |TAMS 0x0000000704000000, 0x0000000704000000| Untracked 
|   5|0x0000000704200000, 0x0000000704200000, 0x0000000704400000|  0%| F|  |TAMS 0x0000000704200000, 0x0000000704200000| Untracked 
|   6|0x0000000704400000, 0x0000000704400000, 0x0000000704600000|  0%| F|  |TAMS 0x0000000704400000, 0x0000000704400000| Untracked 
|   7|0x0000000704600000, 0x0000000704600000, 0x0000000704800000|  0%| F|  |TAMS 0x0000000704600000, 0x0000000704600000| Untracked 
|   8|0x0000000704800000, 0x0000000704800000, 0x0000000704a00000|  0%| F|  |TAMS 0x0000000704800000, 0x0000000704800000| Untracked 
|   9|0x0000000704a00000, 0x0000000704a00000, 0x0000000704c00000|  0%| F|  |TAMS 0x0000000704a00000, 0x0000000704a00000| Untracked 
|  10|0x0000000704c00000, 0x0000000704c00000, 0x0000000704e00000|  0%| F|  |TAMS 0x0000000704c00000, 0x0000000704c00000| Untracked 
|  11|0x0000000704e00000, 0x0000000704e00000, 0x0000000705000000|  0%| F|  |TAMS 0x0000000704e00000, 0x0000000704e00000| Untracked 
|  12|0x0000000705000000, 0x0000000705000000, 0x0000000705200000|  0%| F|  |TAMS 0x0000000705000000, 0x0000000705000000| Untracked 
|  13|0x0000000705200000, 0x0000000705200000, 0x0000000705400000|  0%| F|  |TAMS 0x0000000705200000, 0x0000000705200000| Untracked 
|  14|0x0000000705400000, 0x0000000705400000, 0x0000000705600000|  0%| F|  |TAMS 0x0000000705400000, 0x0000000705400000| Untracked 
|  15|0x0000000705600000, 0x0000000705600000, 0x0000000705800000|  0%| F|  |TAMS 0x0000000705600000, 0x0000000705600000| Untracked 
|  16|0x0000000705800000, 0x0000000705800000, 0x0000000705a00000|  0%| F|  |TAMS 0x0000000705800000, 0x0000000705800000| Untracked 
|  17|0x0000000705a00000, 0x0000000705a00000, 0x0000000705c00000|  0%| F|  |TAMS 0x0000000705a00000, 0x0000000705a00000| Untracked 
|  18|0x0000000705c00000, 0x0000000705c00000, 0x0000000705e00000|  0%| F|  |TAMS 0x0000000705c00000, 0x0000000705c00000| Untracked 
|  19|0x0000000705e00000, 0x0000000705e00000, 0x0000000706000000|  0%| F|  |TAMS 0x0000000705e00000, 0x0000000705e00000| Untracked 
|  20|0x0000000706000000, 0x0000000706000000, 0x0000000706200000|  0%| F|  |TAMS 0x0000000706000000, 0x0000000706000000| Untracked 
|  21|0x0000000706200000, 0x0000000706200000, 0x0000000706400000|  0%| F|  |TAMS 0x0000000706200000, 0x0000000706200000| Untracked 
|  22|0x0000000706400000, 0x0000000706400000, 0x0000000706600000|  0%| F|  |TAMS 0x0000000706400000, 0x0000000706400000| Untracked 
|  23|0x0000000706600000, 0x0000000706600000, 0x0000000706800000|  0%| F|  |TAMS 0x0000000706600000, 0x0000000706600000| Untracked 
|  24|0x0000000706800000, 0x0000000706800000, 0x0000000706a00000|  0%| F|  |TAMS 0x0000000706800000, 0x0000000706800000| Untracked 
|  25|0x0000000706a00000, 0x0000000706a00000, 0x0000000706c00000|  0%| F|  |TAMS 0x0000000706a00000, 0x0000000706a00000| Untracked 
|  26|0x0000000706c00000, 0x0000000706c00000, 0x0000000706e00000|  0%| F|  |TAMS 0x0000000706c00000, 0x0000000706c00000| Untracked 
|  27|0x0000000706e00000, 0x0000000706e00000, 0x0000000707000000|  0%| F|  |TAMS 0x0000000706e00000, 0x0000000706e00000| Untracked 
|  28|0x0000000707000000, 0x0000000707000000, 0x0000000707200000|  0%| F|  |TAMS 0x0000000707000000, 0x0000000707000000| Untracked 
|  29|0x0000000707200000, 0x0000000707200000, 0x0000000707400000|  0%| F|  |TAMS 0x0000000707200000, 0x0000000707200000| Untracked 
|  30|0x0000000707400000, 0x0000000707400000, 0x0000000707600000|  0%| F|  |TAMS 0x0000000707400000, 0x0000000707400000| Untracked 
|  31|0x0000000707600000, 0x0000000707600000, 0x0000000707800000|  0%| F|  |TAMS 0x0000000707600000, 0x0000000707600000| Untracked 
|  32|0x0000000707800000, 0x0000000707800000, 0x0000000707a00000|  0%| F|  |TAMS 0x0000000707800000, 0x0000000707800000| Untracked 
|  33|0x0000000707a00000, 0x0000000707a00000, 0x0000000707c00000|  0%| F|  |TAMS 0x0000000707a00000, 0x0000000707a00000| Untracked 
|  34|0x0000000707c00000, 0x0000000707c00000, 0x0000000707e00000|  0%| F|  |TAMS 0x0000000707c00000, 0x0000000707c00000| Untracked 
|  35|0x0000000707e00000, 0x0000000707e00000, 0x0000000708000000|  0%| F|  |TAMS 0x0000000707e00000, 0x0000000707e00000| Untracked 
|  36|0x0000000708000000, 0x0000000708000000, 0x0000000708200000|  0%| F|  |TAMS 0x0000000708000000, 0x0000000708000000| Untracked 
|  37|0x0000000708200000, 0x0000000708200000, 0x0000000708400000|  0%| F|  |TAMS 0x0000000708200000, 0x0000000708200000| Untracked 
|  38|0x0000000708400000, 0x0000000708400000, 0x0000000708600000|  0%| F|  |TAMS 0x0000000708400000, 0x0000000708400000| Untracked 
|  39|0x0000000708600000, 0x0000000708600000, 0x0000000708800000|  0%| F|  |TAMS 0x0000000708600000, 0x0000000708600000| Untracked 
|  40|0x0000000708800000, 0x0000000708800000, 0x0000000708a00000|  0%| F|  |TAMS 0x0000000708800000, 0x0000000708800000| Untracked 
|  41|0x0000000708a00000, 0x0000000708a00000, 0x0000000708c00000|  0%| F|  |TAMS 0x0000000708a00000, 0x0000000708a00000| Untracked 
|  42|0x0000000708c00000, 0x0000000708c00000, 0x0000000708e00000|  0%| F|  |TAMS 0x0000000708c00000, 0x0000000708c00000| Untracked 
|  43|0x0000000708e00000, 0x0000000708e00000, 0x0000000709000000|  0%| F|  |TAMS 0x0000000708e00000, 0x0000000708e00000| Untracked 
|  44|0x0000000709000000, 0x0000000709000000, 0x0000000709200000|  0%| F|  |TAMS 0x0000000709000000, 0x0000000709000000| Untracked 
|  45|0x0000000709200000, 0x0000000709200000, 0x0000000709400000|  0%| F|  |TAMS 0x0000000709200000, 0x0000000709200000| Untracked 
|  46|0x0000000709400000, 0x0000000709400000, 0x0000000709600000|  0%| F|  |TAMS 0x0000000709400000, 0x0000000709400000| Untracked 
|  47|0x0000000709600000, 0x0000000709600000, 0x0000000709800000|  0%| F|  |TAMS 0x0000000709600000, 0x0000000709600000| Untracked 
|  48|0x0000000709800000, 0x0000000709800000, 0x0000000709a00000|  0%| F|  |TAMS 0x0000000709800000, 0x0000000709800000| Untracked 
|  49|0x0000000709a00000, 0x0000000709a00000, 0x0000000709c00000|  0%| F|  |TAMS 0x0000000709a00000, 0x0000000709a00000| Untracked 
|  50|0x0000000709c00000, 0x0000000709c00000, 0x0000000709e00000|  0%| F|  |TAMS 0x0000000709c00000, 0x0000000709c00000| Untracked 
|  51|0x0000000709e00000, 0x0000000709e00000, 0x000000070a000000|  0%| F|  |TAMS 0x0000000709e00000, 0x0000000709e00000| Untracked 
|  52|0x000000070a000000, 0x000000070a000000, 0x000000070a200000|  0%| F|  |TAMS 0x000000070a000000, 0x000000070a000000| Untracked 
|  53|0x000000070a200000, 0x000000070a200000, 0x000000070a400000|  0%| F|  |TAMS 0x000000070a200000, 0x000000070a200000| Untracked 
|  54|0x000000070a400000, 0x000000070a400000, 0x000000070a600000|  0%| F|  |TAMS 0x000000070a400000, 0x000000070a400000| Untracked 
|  55|0x000000070a600000, 0x000000070a600000, 0x000000070a800000|  0%| F|  |TAMS 0x000000070a600000, 0x000000070a600000| Untracked 
|  56|0x000000070a800000, 0x000000070a800000, 0x000000070aa00000|  0%| F|  |TAMS 0x000000070a800000, 0x000000070a800000| Untracked 
|  57|0x000000070aa00000, 0x000000070aa00000, 0x000000070ac00000|  0%| F|  |TAMS 0x000000070aa00000, 0x000000070aa00000| Untracked 
|  58|0x000000070ac00000, 0x000000070ac00000, 0x000000070ae00000|  0%| F|  |TAMS 0x000000070ac00000, 0x000000070ac00000| Untracked 
|  59|0x000000070ae00000, 0x000000070ae00000, 0x000000070b000000|  0%| F|  |TAMS 0x000000070ae00000, 0x000000070ae00000| Untracked 
|  60|0x000000070b000000, 0x000000070b000000, 0x000000070b200000|  0%| F|  |TAMS 0x000000070b000000, 0x000000070b000000| Untracked 
|  61|0x000000070b200000, 0x000000070b200000, 0x000000070b400000|  0%| F|  |TAMS 0x000000070b200000, 0x000000070b200000| Untracked 
|  62|0x000000070b400000, 0x000000070b400000, 0x000000070b600000|  0%| F|  |TAMS 0x000000070b400000, 0x000000070b400000| Untracked 
|  63|0x000000070b600000, 0x000000070b600000, 0x000000070b800000|  0%| F|  |TAMS 0x000000070b600000, 0x000000070b600000| Untracked 
|  64|0x000000070b800000, 0x000000070b800000, 0x000000070ba00000|  0%| F|  |TAMS 0x000000070b800000, 0x000000070b800000| Untracked 
|  65|0x000000070ba00000, 0x000000070ba00000, 0x000000070bc00000|  0%| F|  |TAMS 0x000000070ba00000, 0x000000070ba00000| Untracked 
|  66|0x000000070bc00000, 0x000000070bc00000, 0x000000070be00000|  0%| F|  |TAMS 0x000000070bc00000, 0x000000070bc00000| Untracked 
|  67|0x000000070be00000, 0x000000070be00000, 0x000000070c000000|  0%| F|  |TAMS 0x000000070be00000, 0x000000070be00000| Untracked 
|  68|0x000000070c000000, 0x000000070c000000, 0x000000070c200000|  0%| F|  |TAMS 0x000000070c000000, 0x000000070c000000| Untracked 
|  69|0x000000070c200000, 0x000000070c200000, 0x000000070c400000|  0%| F|  |TAMS 0x000000070c200000, 0x000000070c200000| Untracked 
|  70|0x000000070c400000, 0x000000070c400000, 0x000000070c600000|  0%| F|  |TAMS 0x000000070c400000, 0x000000070c400000| Untracked 
|  71|0x000000070c600000, 0x000000070c600000, 0x000000070c800000|  0%| F|  |TAMS 0x000000070c600000, 0x000000070c600000| Untracked 
|  72|0x000000070c800000, 0x000000070c800000, 0x000000070ca00000|  0%| F|  |TAMS 0x000000070c800000, 0x000000070c800000| Untracked 
|  73|0x000000070ca00000, 0x000000070ca00000, 0x000000070cc00000|  0%| F|  |TAMS 0x000000070ca00000, 0x000000070ca00000| Untracked 
|  74|0x000000070cc00000, 0x000000070cc00000, 0x000000070ce00000|  0%| F|  |TAMS 0x000000070cc00000, 0x000000070cc00000| Untracked 
|  75|0x000000070ce00000, 0x000000070ce00000, 0x000000070d000000|  0%| F|  |TAMS 0x000000070ce00000, 0x000000070ce00000| Untracked 
|  76|0x000000070d000000, 0x000000070d000000, 0x000000070d200000|  0%| F|  |TAMS 0x000000070d000000, 0x000000070d000000| Untracked 
|  77|0x000000070d200000, 0x000000070d200000, 0x000000070d400000|  0%| F|  |TAMS 0x000000070d200000, 0x000000070d200000| Untracked 
|  78|0x000000070d400000, 0x000000070d400000, 0x000000070d600000|  0%| F|  |TAMS 0x000000070d400000, 0x000000070d400000| Untracked 
|  79|0x000000070d600000, 0x000000070d600000, 0x000000070d800000|  0%| F|  |TAMS 0x000000070d600000, 0x000000070d600000| Untracked 
|  80|0x000000070d800000, 0x000000070d800000, 0x000000070da00000|  0%| F|  |TAMS 0x000000070d800000, 0x000000070d800000| Untracked 
|  81|0x000000070da00000, 0x000000070da00000, 0x000000070dc00000|  0%| F|  |TAMS 0x000000070da00000, 0x000000070da00000| Untracked 
|  82|0x000000070dc00000, 0x000000070dc00000, 0x000000070de00000|  0%| F|  |TAMS 0x000000070dc00000, 0x000000070dc00000| Untracked 
|  83|0x000000070de00000, 0x000000070de00000, 0x000000070e000000|  0%| F|  |TAMS 0x000000070de00000, 0x000000070de00000| Untracked 
|  84|0x000000070e000000, 0x000000070e000000, 0x000000070e200000|  0%| F|  |TAMS 0x000000070e000000, 0x000000070e000000| Untracked 
|  85|0x000000070e200000, 0x000000070e200000, 0x000000070e400000|  0%| F|  |TAMS 0x000000070e200000, 0x000000070e200000| Untracked 
|  86|0x000000070e400000, 0x000000070e400000, 0x000000070e600000|  0%| F|  |TAMS 0x000000070e400000, 0x000000070e400000| Untracked 
|  87|0x000000070e600000, 0x000000070e600000, 0x000000070e800000|  0%| F|  |TAMS 0x000000070e600000, 0x000000070e600000| Untracked 
|  88|0x000000070e800000, 0x000000070e800000, 0x000000070ea00000|  0%| F|  |TAMS 0x000000070e800000, 0x000000070e800000| Untracked 
|  89|0x000000070ea00000, 0x000000070ea00000, 0x000000070ec00000|  0%| F|  |TAMS 0x000000070ea00000, 0x000000070ea00000| Untracked 
|  90|0x000000070ec00000, 0x000000070ec00000, 0x000000070ee00000|  0%| F|  |TAMS 0x000000070ec00000, 0x000000070ec00000| Untracked 
|  91|0x000000070ee00000, 0x000000070ee00000, 0x000000070f000000|  0%| F|  |TAMS 0x000000070ee00000, 0x000000070ee00000| Untracked 
|  92|0x000000070f000000, 0x000000070f000000, 0x000000070f200000|  0%| F|  |TAMS 0x000000070f000000, 0x000000070f000000| Untracked 
|  93|0x000000070f200000, 0x000000070f200000, 0x000000070f400000|  0%| F|  |TAMS 0x000000070f200000, 0x000000070f200000| Untracked 
|  94|0x000000070f400000, 0x000000070f400000, 0x000000070f600000|  0%| F|  |TAMS 0x000000070f400000, 0x000000070f400000| Untracked 
|  95|0x000000070f600000, 0x000000070f600000, 0x000000070f800000|  0%| F|  |TAMS 0x000000070f600000, 0x000000070f600000| Untracked 
|  96|0x000000070f800000, 0x000000070f800000, 0x000000070fa00000|  0%| F|  |TAMS 0x000000070f800000, 0x000000070f800000| Untracked 
|  97|0x000000070fa00000, 0x000000070fa00000, 0x000000070fc00000|  0%| F|  |TAMS 0x000000070fa00000, 0x000000070fa00000| Untracked 
|  98|0x000000070fc00000, 0x000000070fc00000, 0x000000070fe00000|  0%| F|  |TAMS 0x000000070fc00000, 0x000000070fc00000| Untracked 
|  99|0x000000070fe00000, 0x000000070fe00000, 0x0000000710000000|  0%| F|  |TAMS 0x000000070fe00000, 0x000000070fe00000| Untracked 
| 100|0x0000000710000000, 0x0000000710000000, 0x0000000710200000|  0%| F|  |TAMS 0x0000000710000000, 0x0000000710000000| Untracked 
| 101|0x0000000710200000, 0x0000000710200000, 0x0000000710400000|  0%| F|  |TAMS 0x0000000710200000, 0x0000000710200000| Untracked 
| 102|0x0000000710400000, 0x0000000710400000, 0x0000000710600000|  0%| F|  |TAMS 0x0000000710400000, 0x0000000710400000| Untracked 
| 103|0x0000000710600000, 0x0000000710600000, 0x0000000710800000|  0%| F|  |TAMS 0x0000000710600000, 0x0000000710600000| Untracked 
| 104|0x0000000710800000, 0x0000000710800000, 0x0000000710a00000|  0%| F|  |TAMS 0x0000000710800000, 0x0000000710800000| Untracked 
| 105|0x0000000710a00000, 0x0000000710a00000, 0x0000000710c00000|  0%| F|  |TAMS 0x0000000710a00000, 0x0000000710a00000| Untracked 
| 106|0x0000000710c00000, 0x0000000710c00000, 0x0000000710e00000|  0%| F|  |TAMS 0x0000000710c00000, 0x0000000710c00000| Untracked 
| 107|0x0000000710e00000, 0x0000000710e00000, 0x0000000711000000|  0%| F|  |TAMS 0x0000000710e00000, 0x0000000710e00000| Untracked 
| 108|0x0000000711000000, 0x0000000711000000, 0x0000000711200000|  0%| F|  |TAMS 0x0000000711000000, 0x0000000711000000| Untracked 
| 109|0x0000000711200000, 0x0000000711200000, 0x0000000711400000|  0%| F|  |TAMS 0x0000000711200000, 0x0000000711200000| Untracked 
| 110|0x0000000711400000, 0x0000000711400000, 0x0000000711600000|  0%| F|  |TAMS 0x0000000711400000, 0x0000000711400000| Untracked 
| 111|0x0000000711600000, 0x0000000711600000, 0x0000000711800000|  0%| F|  |TAMS 0x0000000711600000, 0x0000000711600000| Untracked 
| 112|0x0000000711800000, 0x0000000711800000, 0x0000000711a00000|  0%| F|  |TAMS 0x0000000711800000, 0x0000000711800000| Untracked 
| 113|0x0000000711a00000, 0x0000000711a00000, 0x0000000711c00000|  0%| F|  |TAMS 0x0000000711a00000, 0x0000000711a00000| Untracked 
| 114|0x0000000711c00000, 0x0000000711c00000, 0x0000000711e00000|  0%| F|  |TAMS 0x0000000711c00000, 0x0000000711c00000| Untracked 
| 115|0x0000000711e00000, 0x0000000711e00000, 0x0000000712000000|  0%| F|  |TAMS 0x0000000711e00000, 0x0000000711e00000| Untracked 
| 116|0x0000000712000000, 0x0000000712000000, 0x0000000712200000|  0%| F|  |TAMS 0x0000000712000000, 0x0000000712000000| Untracked 
| 117|0x0000000712200000, 0x0000000712200000, 0x0000000712400000|  0%| F|  |TAMS 0x0000000712200000, 0x0000000712200000| Untracked 
| 118|0x0000000712400000, 0x0000000712400000, 0x0000000712600000|  0%| F|  |TAMS 0x0000000712400000, 0x0000000712400000| Untracked 
| 119|0x0000000712600000, 0x0000000712600000, 0x0000000712800000|  0%| F|  |TAMS 0x0000000712600000, 0x0000000712600000| Untracked 
| 120|0x0000000712800000, 0x0000000712800000, 0x0000000712a00000|  0%| F|  |TAMS 0x0000000712800000, 0x0000000712800000| Untracked 
| 121|0x0000000712a00000, 0x0000000712a00000, 0x0000000712c00000|  0%| F|  |TAMS 0x0000000712a00000, 0x0000000712a00000| Untracked 
| 122|0x0000000712c00000, 0x0000000712c00000, 0x0000000712e00000|  0%| F|  |TAMS 0x0000000712c00000, 0x0000000712c00000| Untracked 
| 123|0x0000000712e00000, 0x0000000712e00000, 0x0000000713000000|  0%| F|  |TAMS 0x0000000712e00000, 0x0000000712e00000| Untracked 
| 124|0x0000000713000000, 0x0000000713000000, 0x0000000713200000|  0%| F|  |TAMS 0x0000000713000000, 0x0000000713000000| Untracked 
| 125|0x0000000713200000, 0x00000007133c31c0, 0x0000000713400000| 88%| E|  |TAMS 0x0000000713200000, 0x0000000713200000| Complete 
| 126|0x0000000713400000, 0x0000000713600000, 0x0000000713600000|100%| E|CS|TAMS 0x0000000713400000, 0x0000000713400000| Complete 

Card table byte_map: [0x00000299c87f0000,0x00000299c8fe0000] _byte_map_base: 0x00000299c4fd4000

Marking Bits (Prev, Next): (CMBitMap*) 0x00000299aec9ab60, (CMBitMap*) 0x00000299aec9aba0
 Prev Bits: [0x00000299c97d0000, 0x00000299cd6f0000)
 Next Bits: [0x00000299cd6f0000, 0x00000299d1610000)

Polling page: 0x00000299ae920000

Metaspace:

Usage:
  Non-class:    924.89 KB used.
      Class:     69.26 KB used.
       Both:    994.15 KB used.

Virtual space:
  Non-class space:       64.00 MB reserved,     960.00 KB (  1%) committed,  1 nodes.
      Class space:        1.00 GB reserved,     128.00 KB ( <1%) committed,  1 nodes.
             Both:        1.06 GB reserved,       1.06 MB ( <1%) committed. 

Chunk freelists:
   Non-Class:  3.96 MB
       Class:  3.73 MB
        Both:  7.69 MB

MaxMetaspaceSize: unlimited
CompressedClassSpaceSize: 1.00 GB
Initial GC threshold: 21.00 MB
Current GC threshold: 21.00 MB
CDS: on
MetaspaceReclaimPolicy: balanced
 - commit_granule_bytes: 65536.
 - commit_granule_words: 8192.
 - virtual_space_node_default_size: 8388608.
 - enlarge_chunks_in_place: 1.
 - new_chunks_are_fully_committed: 0.
 - uncommit_free_chunks: 1.
 - use_allocation_guard: 0.


Internal statistics:

num_allocs_failed_limit: 0.
num_arena_births: 22.
num_arena_deaths: 0.
num_vsnodes_births: 2.
num_vsnodes_deaths: 0.
num_space_committed: 17.
num_space_uncommitted: 0.
num_chunks_returned_to_freelist: 0.
num_chunks_taken_from_freelist: 29.
num_chunk_merges: 0.
num_chunk_splits: 18.
num_chunks_enlarged: 10.
num_inconsistent_stats: 0.

CodeHeap 'non-profiled nmethods': size=120000Kb used=72Kb max_used=72Kb free=119927Kb
 bounds [0x00000299bfe30000, 0x00000299c00a0000, 0x00000299c7360000]
CodeHeap 'profiled nmethods': size=120000Kb used=215Kb max_used=215Kb free=119784Kb
 bounds [0x00000299b8360000, 0x00000299b85d0000, 0x00000299bf890000]
CodeHeap 'non-nmethods': size=5760Kb used=1212Kb max_used=1212Kb free=4547Kb
 bounds [0x00000299bf890000, 0x00000299bfb00000, 0x00000299bfe30000]
 total_blobs=630 nmethods=217 adapters=324
 compilation: enabled
              stopped_count=0, restarted_count=0
 full_count=0

Compilation events (20 events):
Event: 0.159 Thread 0x00000299d3bc3a00  207       3       jdk.internal.org.objectweb.asm.ByteVector::putShort (52 bytes)
Event: 0.159 Thread 0x00000299d3bc3a00 nmethod 207 0x00000299b8391b10 code [0x00000299b8391cc0, 0x00000299b8391ec8]
Event: 0.159 Thread 0x00000299d3bc3a00  208       3       jdk.internal.org.objectweb.asm.SymbolTable::addConstantUtf8 (98 bytes)
Event: 0.160 Thread 0x00000299d3bc3a00 nmethod 208 0x00000299b8392010 code [0x00000299b8392240, 0x00000299b8392858]
Event: 0.160 Thread 0x00000299d3bc3a00  209       3       jdk.internal.org.objectweb.asm.SymbolTable::put (150 bytes)
Event: 0.161 Thread 0x00000299d3bc3a00 nmethod 209 0x00000299b8392b90 code [0x00000299b8392d80, 0x00000299b8393658]
Event: 0.161 Thread 0x00000299d3bc3a00  210       1       java.lang.invoke.MethodTypeForm::parameterSlotCount (5 bytes)
Event: 0.161 Thread 0x00000299d3bc3a00 nmethod 210 0x00000299bfe42090 code [0x00000299bfe42220, 0x00000299bfe422d8]
Event: 0.162 Thread 0x00000299d3bc3a00  213       3       java.lang.StringLatin1::newString (24 bytes)
Event: 0.162 Thread 0x00000299d3bc3a00 nmethod 213 0x00000299b8393910 code [0x00000299b8393ae0, 0x00000299b8393e08]
Event: 0.162 Thread 0x00000299d3bc3a00  214       3       java.lang.CharacterDataLatin1::getProperties (11 bytes)
Event: 0.163 Thread 0x00000299d3bc3a00 nmethod 214 0x00000299b8393f10 code [0x00000299b83940a0, 0x00000299b83941d8]
Event: 0.166 Thread 0x00000299d3bc3a00  215       3       java.lang.StringUTF16::getChar (60 bytes)
Event: 0.167 Thread 0x00000299d3bc3a00 nmethod 215 0x00000299b8394290 code [0x00000299b8394440, 0x00000299b83945b8]
Event: 0.167 Thread 0x00000299d3bc3a00  216       3       java.lang.System::getSecurityManager (12 bytes)
Event: 0.168 Thread 0x00000299d3bc3a00 nmethod 216 0x00000299b8394690 code [0x00000299b8394840, 0x00000299b83949b8]
Event: 0.168 Thread 0x00000299d3bc3a00  217       3       java.lang.invoke.MethodType::methodType (69 bytes)
Event: 0.169 Thread 0x00000299d3bc3a00 nmethod 217 0x00000299b8394a90 code [0x00000299b8394ca0, 0x00000299b8395198]
Event: 0.169 Thread 0x00000299d3bc3a00  218       3       java.lang.String::charAt (25 bytes)
Event: 0.170 Thread 0x00000299d3bc3a00 nmethod 218 0x00000299b8395310 code [0x00000299b8395500, 0x00000299b8395a58]

GC Heap History (0 events):
No events

Dll operation events (8 events):
Event: 0.019 Loaded shared library C:\Users\dell\.jdks\openjdk-19.0.2\bin\java.dll
Event: 0.035 Loaded shared library C:\Users\dell\.jdks\openjdk-19.0.2\bin\jsvml.dll
Event: 0.123 Loaded shared library C:\Users\dell\.jdks\openjdk-19.0.2\bin\zip.dll
Event: 0.126 Loaded shared library C:\Users\dell\.jdks\openjdk-19.0.2\bin\instrument.dll
Event: 0.136 Loaded shared library C:\Users\dell\.jdks\openjdk-19.0.2\bin\net.dll
Event: 0.141 Loaded shared library C:\Users\dell\.jdks\openjdk-19.0.2\bin\nio.dll
Event: 0.147 Loaded shared library C:\Users\dell\.jdks\openjdk-19.0.2\bin\zip.dll
Event: 0.164 Loaded shared library E:\Programs\IntelliJ IDEA 2022.3.2\bin\breakgen64.dll

Deoptimization events (4 events):
Event: 0.167 Thread 0x00000299aec22310 Uncommon trap: trap_request=0xffffff45 fr.pc=0x00000299bfe40ccc relative=0x00000000000000ac
Event: 0.167 Thread 0x00000299aec22310 Uncommon trap: reason=unstable_if action=reinterpret pc=0x00000299bfe40ccc method=java.lang.String.isLatin1()Z @ 10 c2
Event: 0.167 Thread 0x00000299aec22310 DEOPT PACKING pc=0x00000299bfe40ccc sp=0x0000009d109ff080
Event: 0.167 Thread 0x00000299aec22310 DEOPT UNPACKING pc=0x00000299bf8f6da3 sp=0x0000009d109fefc0 mode 2

Classes loaded (20 events):
Event: 0.190 Loading class sun/nio/ch/SocketDispatcher
Event: 0.190 Loading class sun/nio/ch/NativeDispatcher
Event: 0.190 Loading class sun/nio/ch/NativeDispatcher done
Event: 0.190 Loading class sun/nio/ch/SocketDispatcher done
Event: 0.190 Loading class sun/nio/ch/IOUtil
Event: 0.191 Loading class sun/nio/ch/IOUtil done
Event: 0.193 Loading class java/awt/Frame
Event: 0.193 Loading class java/awt/Frame done
Event: 0.193 Loading class javax/swing/JFrame
Event: 0.193 Loading class java/net/SocksSocketImpl
Event: 0.193 Loading class java/net/SocksConsts
Event: 0.193 Loading class javax/swing/JFrame done
Event: 0.194 Loading class java/net/SocksConsts done
Event: 0.194 Loading class javax/swing/JPanel
Event: 0.194 Loading class java/net/DelegatingSocketImpl
Event: 0.194 Loading class javax/swing/JComponent
Event: 0.194 Loading class java/net/DelegatingSocketImpl done
Event: 0.194 Loading class java/net/SocksSocketImpl done
Event: 0.194 Loading class sun/nio/ch/Net
Event: 0.194 Loading class sun/nio/ch/Net done

Classes unloaded (0 events):
No events

Classes redefined (0 events):
No events

Internal exceptions (2 events):
Event: 0.153 Thread 0x00000299aec22310 Exception <a 'java/lang/NoSuchMethodError'{0x00000007132ce920}: 'void java.lang.invoke.DirectMethodHandle$Holder.invokeStatic(java.lang.Object, java.lang.Object, java.lang.Object)'> (0x00000007132ce920) 
thrown [s\open\src\hotspot\share\interpreter\linkResolver.cpp, line 774]
Event: 0.160 Thread 0x00000299aec22310 Exception <a 'java/lang/NoSuchMethodError'{0x00000007132e7158}: 'java.lang.Object java.lang.invoke.Invokers$Holder.invokeExact_MT(java.lang.Object, java.lang.Object, java.lang.Object, java.lang.Object, java.lang.Object)'> (0x00000007132e7158) 
thrown [s\open\src\hotspot\share\interpreter\linkResolver.cpp, line 774]

VM Operations (2 events):
Event: 0.170 Executing VM operation: HandshakeAllThreads
Event: 0.187 Executing VM operation: HandshakeAllThreads done

Events (13 events):
Event: 0.035 Thread 0x00000299aec22310 Thread added: 0x00000299aec22310
Event: 0.056 Thread 0x00000299d3bae630 Thread added: 0x00000299d3bae630
Event: 0.056 Thread 0x00000299d3baef80 Thread added: 0x00000299d3baef80
Event: 0.057 Thread 0x00000299d3bb6670 Thread added: 0x00000299d3bb6670
Event: 0.057 Thread 0x00000299d3bb6bb0 Thread added: 0x00000299d3bb6bb0
Event: 0.057 Thread 0x00000299d3bb7890 Thread added: 0x00000299d3bb7890
Event: 0.057 Thread 0x00000299d3bb86b0 Thread added: 0x00000299d3bb86b0
Event: 0.057 Thread 0x00000299d3bbf120 Thread added: 0x00000299d3bbf120
Event: 0.057 Thread 0x00000299d3bc3a00 Thread added: 0x00000299d3bc3a00
Event: 0.058 Thread 0x00000299d3bc8390 Thread added: 0x00000299d3bc8390
Event: 0.091 Thread 0x00000299d85f0540 Thread added: 0x00000299d85f0540
Event: 0.165 Thread 0x00000299d8734c00 Thread added: 0x00000299d8734c00
Event: 0.165 Thread 0x00000299d8735140 Thread added: 0x00000299d8735140


Dynamic libraries:
0x00007ff7e3e70000 - 0x00007ff7e3e7e000 	C:\Users\dell\.jdks\openjdk-19.0.2\bin\java.exe
0x00007ffd1ddd0000 - 0x00007ffd1dfc8000 	C:\Windows\SYSTEM32\ntdll.dll
0x00007ffcee760000 - 0x00007ffcee779000 	C:\Program Files\Avast Software\Avast\aswhook.dll
0x00007ffd1bfa0000 - 0x00007ffd1c05f000 	C:\Windows\System32\KERNEL32.DLL
0x00007ffd1b750000 - 0x00007ffd1ba46000 	C:\Windows\System32\KERNELBASE.dll
0x00007ffd1bb70000 - 0x00007ffd1bc70000 	C:\Windows\System32\ucrtbase.dll
0x00007ffd0c150000 - 0x00007ffd0c167000 	C:\Users\dell\.jdks\openjdk-19.0.2\bin\jli.dll
0x00007ffd048c0000 - 0x00007ffd048db000 	C:\Users\dell\.jdks\openjdk-19.0.2\bin\VCRUNTIME140.dll
0x00007ffd1d770000 - 0x00007ffd1d90d000 	C:\Windows\System32\USER32.dll
0x00007ffd1baa0000 - 0x00007ffd1bac2000 	C:\Windows\System32\win32u.dll
0x00007ffd043b0000 - 0x00007ffd0464a000 	C:\Windows\WinSxS\amd64_microsoft.windows.common-controls_6595b64144ccf1df_6.0.19041.1110_none_60b5254171f9507e\COMCTL32.dll
0x00007ffd1db20000 - 0x00007ffd1db4c000 	C:\Windows\System32\GDI32.dll
0x00007ffd1dc30000 - 0x00007ffd1dcce000 	C:\Windows\System32\msvcrt.dll
0x00007ffd1bca0000 - 0x00007ffd1bdb5000 	C:\Windows\System32\gdi32full.dll
0x00007ffd1bad0000 - 0x00007ffd1bb6d000 	C:\Windows\System32\msvcp_win.dll
0x00007ffd1c110000 - 0x00007ffd1c140000 	C:\Windows\System32\IMM32.DLL
0x00007ffd0bec0000 - 0x00007ffd0becc000 	C:\Users\dell\.jdks\openjdk-19.0.2\bin\vcruntime140_1.dll
0x00007ffcd4b60000 - 0x00007ffcd4bee000 	C:\Users\dell\.jdks\openjdk-19.0.2\bin\msvcp140.dll
0x00007ffcca8f0000 - 0x00007ffccb5b0000 	C:\Users\dell\.jdks\openjdk-19.0.2\bin\server\jvm.dll
0x00007ffd1d910000 - 0x00007ffd1d9bf000 	C:\Windows\System32\ADVAPI32.dll
0x00007ffd1c070000 - 0x00007ffd1c10c000 	C:\Windows\System32\sechost.dll
0x00007ffd1c290000 - 0x00007ffd1c3b6000 	C:\Windows\System32\RPCRT4.dll
0x00007ffd000d0000 - 0x00007ffd000d9000 	C:\Windows\SYSTEM32\WSOCK32.dll
0x00007ffd138b0000 - 0x00007ffd138ba000 	C:\Windows\SYSTEM32\VERSION.dll
0x00007ffd02230000 - 0x00007ffd02257000 	C:\Windows\SYSTEM32\WINMM.dll
0x00007ffd1d680000 - 0x00007ffd1d6eb000 	C:\Windows\System32\WS2_32.dll
0x00007ffd19d00000 - 0x00007ffd19d12000 	C:\Windows\SYSTEM32\kernel.appcore.dll
0x00007ffd0bc70000 - 0x00007ffd0bc7a000 	C:\Users\dell\.jdks\openjdk-19.0.2\bin\jimage.dll
0x00007ffd190e0000 - 0x00007ffd192c4000 	C:\Windows\SYSTEM32\DBGHELP.DLL
0x00007ffd0e5e0000 - 0x00007ffd0e614000 	C:\Windows\SYSTEM32\dbgcore.DLL
0x00007ffd1b560000 - 0x00007ffd1b5e2000 	C:\Windows\System32\bcryptPrimitives.dll
0x00007ffd04080000 - 0x00007ffd0408e000 	C:\Users\dell\.jdks\openjdk-19.0.2\bin\instrument.dll
0x00007ffd013b0000 - 0x00007ffd013d6000 	C:\Users\dell\.jdks\openjdk-19.0.2\bin\java.dll
0x00007ffccf450000 - 0x00007ffccf527000 	C:\Users\dell\.jdks\openjdk-19.0.2\bin\jsvml.dll
0x00007ffd1c3c0000 - 0x00007ffd1cb04000 	C:\Windows\System32\SHELL32.dll
0x00007ffd19550000 - 0x00007ffd19ce3000 	C:\Windows\SYSTEM32\windows.storage.dll
0x00007ffd1d310000 - 0x00007ffd1d664000 	C:\Windows\System32\combase.dll
0x00007ffd1af10000 - 0x00007ffd1af3e000 	C:\Windows\SYSTEM32\Wldp.dll
0x00007ffd1da70000 - 0x00007ffd1db1d000 	C:\Windows\System32\SHCORE.dll
0x00007ffd1dd30000 - 0x00007ffd1dd85000 	C:\Windows\System32\shlwapi.dll
0x00007ffd1b3f0000 - 0x00007ffd1b40f000 	C:\Windows\SYSTEM32\profapi.dll
0x00007ffd01330000 - 0x00007ffd01348000 	C:\Users\dell\.jdks\openjdk-19.0.2\bin\zip.dll
0x00007ffd03400000 - 0x00007ffd03413000 	C:\Users\dell\.jdks\openjdk-19.0.2\bin\net.dll
0x00007ffd166f0000 - 0x00007ffd167fa000 	C:\Windows\SYSTEM32\WINHTTP.dll
0x00007ffd1ac70000 - 0x00007ffd1acda000 	C:\Windows\system32\mswsock.dll
0x00007ffd01400000 - 0x00007ffd01416000 	C:\Users\dell\.jdks\openjdk-19.0.2\bin\nio.dll
0x00007ffcff4e0000 - 0x00007ffcff4fa000 	E:\Programs\IntelliJ IDEA 2022.3.2\bin\breakgen64.dll

dbghelp: loaded successfully - version: 4.0.5 - missing functions: none
symbol engine: initialized successfully - sym options: 0x614 - pdb path: .;C:\Users\dell\.jdks\openjdk-19.0.2\bin;C:\Windows\SYSTEM32;C:\Program Files\Avast Software\Avast;C:\Windows\WinSxS\amd64_microsoft.windows.common-controls_6595b64144ccf1df_6.0.19041.1110_none_60b5254171f9507e;C:\Users\dell\.jdks\openjdk-19.0.2\bin\server;E:\Programs\IntelliJ IDEA 2022.3.2\bin

VM Arguments:
jvm_args: -javaagent:E:\Programs\IntelliJ IDEA 2022.3.2\lib\idea_rt.jar=3112:E:\Programs\IntelliJ IDEA 2022.3.2\bin -Dfile.encoding=UTF-8 -Dsun.stdout.encoding=UTF-8 -Dsun.stderr.encoding=UTF-8 
java_command: Main
java_class_path (initial): E:\ICPC Training & Competitive Programing\Bank System DataBase\out\production\Bank System DataBase;E:\ICPC Training & Competitive Programing\Bank System DataBase\sqlite-jdbc-3.40.0.0.jar
Launcher Type: SUN_STANDARD

[Global flags]
     intx CICompilerCount                          = 4                                         {product} {ergonomic}
     uint ConcGCThreads                            = 3                                         {product} {ergonomic}
     uint G1ConcRefinementThreads                  = 10                                        {product} {ergonomic}
   size_t G1HeapRegionSize                         = 2097152                                   {product} {ergonomic}
    uintx GCDrainStackTargetSize                   = 64                                        {product} {ergonomic}
   size_t InitialHeapSize                          = 266338304                                 {product} {ergonomic}
   size_t MarkStackSize                            = 4194304                                   {product} {ergonomic}
   size_t MaxHeapSize                              = 4236247040                                {product} {ergonomic}
   size_t MaxNewSize                               = 2541748224                                {product} {ergonomic}
   size_t MinHeapDeltaBytes                        = 2097152                                   {product} {ergonomic}
   size_t MinHeapSize                              = 8388608                                   {product} {ergonomic}
    uintx NonNMethodCodeHeapSize                   = 5839372                                {pd product} {ergonomic}
    uintx NonProfiledCodeHeapSize                  = 122909434                              {pd product} {ergonomic}
    uintx ProfiledCodeHeapSize                     = 122909434                              {pd product} {ergonomic}
    uintx ReservedCodeCacheSize                    = 251658240                              {pd product} {ergonomic}
     bool SegmentedCodeCache                       = true                                      {product} {ergonomic}
   size_t SoftMaxHeapSize                          = 4236247040                             {manageable} {ergonomic}
     bool UseCompressedClassPointers               = true                           {product lp64_product} {ergonomic}
     bool UseCompressedOops                        = true                           {product lp64_product} {ergonomic}
     bool UseG1GC                                  = true                                      {product} {ergonomic}
     bool UseLargePagesIndividualAllocation        = false                                  {pd product} {ergonomic}

Logging:
Log output configuration:
 #0: stdout all=warning uptime,level,tags foldmultilines=false
 #1: stderr all=off uptime,level,tags foldmultilines=false

Environment Variables:
PATH=C:\Program Files\Python310\Scripts\;C:\Program Files\Python310\;C:\Program Files (x86)\Common Files\Intel\Shared Libraries\redist\intel64\compiler;C:\Windows\system32;C:\Windows;C:\Windows\System32\Wbem;C:\Windows\System32\WindowsPowerShell\v1.0\;C:\Windows\System32\OpenSSH\;C:\Program Files (x86)\NVIDIA Corporation\PhysX\Common;C:\Program Files\Common Files\Autodesk Shared\;C:\msys64\mingw64\bin;E;E:\Programs\Git\cmd;C:\Program Files (x86)\Microsoft SQL Server\160\Tools\Binn\;C:\Program Files\Microsoft SQL Server\160\Tools\Binn\;C:\Program Files\Microsoft SQL Server\Client SDK\ODBC\170\Tools\Binn\;C:\Program Files\Microsoft SQL Server\160\DTS\Binn\;C:\Program Files (x86)\Microsoft SQL Server\160\DTS\Binn\;C:\Program Files\Azure Data Studio\bin;C:\Program Files\MySQL\MySQL Shell 8.0\bin\;C:\Users\dell\AppData\Local\Microsoft\WindowsApps;C:\Users\dell\AppData\Local\Programs\Microsoft VS Code\bin;C:\Users\dell\AppData\Local\GitHubDesktop\bin;C:\Program Files\Azure Data Studio\bin
USERNAME=dell
OS=Windows_NT
PROCESSOR_IDENTIFIER=Intel64 Family 6 Model 165 Stepping 2, GenuineIntel
TMP=C:\Users\dell\AppData\Local\Temp
TEMP=C:\Users\dell\AppData\Local\Temp



---------------  S Y S T E M  ---------------

OS:
 Windows 10 , 64 bit Build 19041 (10.0.19041.2913)
OS uptime: 0 days 9:02 hours

CPU: total 12 (initial active 12) (6 cores per cpu, 2 threads per core) family 6 model 165 stepping 2 microcode 0xf4, cx8, cmov, fxsr, ht, mmx, 3dnowpref, sse, sse2, sse3, ssse3, sse4.1, sse4.2, popcnt, lzcnt, tsc, tscinvbit, avx, avx2, aes, erms, clmul, bmi1, bmi2, adx, fma, vzeroupper, clflush, clflushopt, rdtscp

Memory: 4k page, system-wide physical 16159M (5092M free)
TotalPageFile size 18207M (AvailPageFile size 4M)
current process WorkingSet (physical memory assigned to process): 35M, peak: 35M
current process commit charge ("private bytes"): 347M, peak: 347M

vm_info: OpenJDK 64-Bit Server VM (19.0.2+7-44) for windows-amd64 JRE (19.0.2+7-44), built on 2022-11-30T18:02:09Z by "mach5one" with MS VC++ 17.1 (VS2022)

END.
