#
# There is insufficient memory for the Java Runtime Environment to continue.
# Native memory allocation (malloc) failed to allocate 32744 bytes for Chunk::new
# Possible reasons:
#   The system is out of physical RAM or swap space
#   The process is running with CompressedOops enabled, and the Java Heap may be blocking the growth of the native heap
# Possible solutions:
#   Reduce memory load on the system
#   Increase physical memory or swap space
#   Check if swap backing store is full
#   Decrease Java heap size (-Xmx/-Xms)
#   Decrease number of Java threads
#   Decrease Java thread stack sizes (-Xss)
#   Set larger code cache with -XX:ReservedCodeCacheSize=
#   JVM is running with Zero Based Compressed Oops mode in which the Java heap is
#     placed in the first 32GB address space. The Java Heap base address is the
#     maximum limit for the native heap growth. Please use -XX:HeapBaseMinAddress
#     to set the Java Heap base and to place the Java Heap above 32GB virtual address.
# This output file may be truncated or incomplete.
#
#  Out of Memory Error (arena.cpp:184), pid=11736, tid=17124
#
# JRE version: OpenJDK Runtime Environment (19.0.2+7) (build 19.0.2+7-44)
# Java VM: OpenJDK 64-Bit Server VM (19.0.2+7-44, mixed mode, sharing, tiered, compressed oops, compressed class ptrs, g1 gc, windows-amd64)
# No core dump will be written. Minidumps are not enabled by default on client versions of Windows
#

---------------  S U M M A R Y ------------

Command Line: -javaagent:E:\Programs\IntelliJ IDEA 2022.3.2\lib\idea_rt.jar=1503:E:\Programs\IntelliJ IDEA 2022.3.2\bin -Dfile.encoding=UTF-8 -Dsun.stdout.encoding=UTF-8 -Dsun.stderr.encoding=UTF-8 Main

Host: Intel(R) Core(TM) i5-10500H CPU @ 2.50GHz, 12 cores, 15G,  Windows 10 , 64 bit Build 19041 (10.0.19041.2913)
Time: Fri May 19 20:36:11 2023 Egypt Daylight Time elapsed time: 273.837891 seconds (0d 0h 4m 33s)

---------------  T H R E A D  ---------------

Current thread (0x00000167ff6ea580):  JavaThread "C1 CompilerThread0" daemon [_thread_in_native, id=17124, stack(0x00000044fa300000,0x00000044fa400000)]


Current CompileTask:
C1: 273838 1842       3       sun.java2d.pipe.DrawImage::scaleImage (488 bytes)

Stack: [0x00000044fa300000,0x00000044fa400000]
Native frames: (J=compiled Java code, j=interpreted, Vv=VM code, C=native code)
V  [jvm.dll+0x6ee21a]
V  [jvm.dll+0x85765e]
V  [jvm.dll+0x85904e]
V  [jvm.dll+0x859703]
V  [jvm.dll+0x28298f]
V  [jvm.dll+0xc9adf]
V  [jvm.dll+0xc9e65]
V  [jvm.dll+0xd584d]
V  [jvm.dll+0x1a45eb]
V  [jvm.dll+0x1ac0b6]
V  [jvm.dll+0x1abf30]
V  [jvm.dll+0x1abd7c]
V  [jvm.dll+0x1a41c8]
V  [jvm.dll+0x1a32db]
V  [jvm.dll+0x1acb9b]
V  [jvm.dll+0x1a4448]
V  [jvm.dll+0x1a7bdf]
V  [jvm.dll+0x1616d3]
V  [jvm.dll+0x160fb2]
V  [jvm.dll+0x161208]
V  [jvm.dll+0x160666]
V  [jvm.dll+0x16235d]
V  [jvm.dll+0x25b25a]
V  [jvm.dll+0x2596e8]
V  [jvm.dll+0x807588]
V  [jvm.dll+0x80125a]
V  [jvm.dll+0x6ecf0b]
C  [ucrtbase.dll+0x21bb2]
C  [KERNEL32.DLL+0x17614]
C  [ntdll.dll+0x526a1]


---------------  P R O C E S S  ---------------

Threads class SMR info:
_java_thread_list=0x00000167a6110460, length=18, elements={
0x00000167ff6a7df0, 0x00000167ff6a8be0, 0x00000167ff6ac3e0, 0x00000167ff6adf20,
0x00000167ff6b0860, 0x00000167ff6b12d0, 0x00000167ff6be850, 0x00000167ff6ea580,
0x00000167a5000080, 0x00000167ff679010, 0x00000167a527d890, 0x00000167a5239f20,
0x00000167a537f5c0, 0x00000167a5382e40, 0x00000167a53866d0, 0x00000167a615c5a0,
0x00000167fac904f0, 0x00000167a639dbb0
}

Java Threads: ( => current thread )
  0x00000167ff6a7df0 JavaThread "Reference Handler" daemon [_thread_blocked, id=6536, stack(0x00000044f9c00000,0x00000044f9d00000)]
  0x00000167ff6a8be0 JavaThread "Finalizer" daemon [_thread_blocked, id=20928, stack(0x00000044f9d00000,0x00000044f9e00000)]
  0x00000167ff6ac3e0 JavaThread "Signal Dispatcher" daemon [_thread_blocked, id=19956, stack(0x00000044f9e00000,0x00000044f9f00000)]
  0x00000167ff6adf20 JavaThread "Attach Listener" daemon [_thread_blocked, id=2612, stack(0x00000044f9f00000,0x00000044fa000000)]
  0x00000167ff6b0860 JavaThread "Service Thread" daemon [_thread_blocked, id=2524, stack(0x00000044fa000000,0x00000044fa100000)]
  0x00000167ff6b12d0 JavaThread "Monitor Deflation Thread" daemon [_thread_blocked, id=19032, stack(0x00000044fa100000,0x00000044fa200000)]
  0x00000167ff6be850 JavaThread "C2 CompilerThread0" daemon [_thread_blocked, id=2544, stack(0x00000044fa200000,0x00000044fa300000)]
=>0x00000167ff6ea580 JavaThread "C1 CompilerThread0" daemon [_thread_in_native, id=17124, stack(0x00000044fa300000,0x00000044fa400000)]
  0x00000167a5000080 JavaThread "Sweeper thread" daemon [_thread_blocked, id=2996, stack(0x00000044fa400000,0x00000044fa500000)]
  0x00000167ff679010 JavaThread "Common-Cleaner" daemon [_thread_blocked, id=18500, stack(0x00000044fa500000,0x00000044fa600000)]
  0x00000167a527d890 JavaThread "Monitor Ctrl-Break" daemon [_thread_in_native, id=20616, stack(0x00000044fa600000,0x00000044fa700000)]
  0x00000167a5239f20 JavaThread "Notification Thread" daemon [_thread_blocked, id=1740, stack(0x00000044fa700000,0x00000044fa800000)]
  0x00000167a537f5c0 JavaThread "Java2D Disposer" daemon [_thread_blocked, id=19552, stack(0x00000044fa900000,0x00000044faa00000)]
  0x00000167a5382e40 JavaThread "AWT-Shutdown" [_thread_blocked, id=3320, stack(0x00000044faa00000,0x00000044fab00000)]
  0x00000167a53866d0 JavaThread "AWT-Windows" daemon [_thread_in_native, id=7364, stack(0x00000044fab00000,0x00000044fac00000)]
  0x00000167a615c5a0 JavaThread "AWT-EventQueue-0" [_thread_blocked, id=7104, stack(0x00000044fad00000,0x00000044fae00000)]
  0x00000167fac904f0 JavaThread "DestroyJavaVM" [_thread_blocked, id=1704, stack(0x00000044f9500000,0x00000044f9600000)]
  0x00000167a639dbb0 JavaThread "TimerQueue" daemon [_thread_blocked, id=7600, stack(0x00000044fb100000,0x00000044fb200000)]

Other Threads:
  0x00000167ff68bf60 VMThread "VM Thread" [stack: 0x00000044f9b00000,0x00000044f9c00000] [id=6872]
  0x00000167fac91510 WatcherThread "VM Periodic Task Thread" [stack: 0x00000044fa800000,0x00000044fa900000] [id=13104]
  0x00000167fad02240 WorkerThread "GC Thread#0" [stack: 0x00000044f9600000,0x00000044f9700000] [id=20996]
  0x00000167a61cef80 WorkerThread "GC Thread#1" [stack: 0x00000044fac00000,0x00000044fad00000] [id=20924]
  0x00000167a61cf7f0 WorkerThread "GC Thread#2" [stack: 0x00000044fb200000,0x00000044fb300000] [id=18552]
  0x00000167a61d0600 WorkerThread "GC Thread#3" [stack: 0x00000044fb300000,0x00000044fb400000] [id=13640]
  0x00000167a61cfac0 WorkerThread "GC Thread#4" [stack: 0x00000044fb400000,0x00000044fb500000] [id=15296]
  0x00000167a61cfd90 WorkerThread "GC Thread#5" [stack: 0x00000044fb500000,0x00000044fb600000] [id=780]
  0x00000167a61d0060 WorkerThread "GC Thread#6" [stack: 0x00000044fb600000,0x00000044fb700000] [id=17800]
  0x00000167a61d0330 WorkerThread "GC Thread#7" [stack: 0x00000044fb700000,0x00000044fb800000] [id=20868]
  0x00000167a67313f0 WorkerThread "GC Thread#8" [stack: 0x00000044fb800000,0x00000044fb900000] [id=17104]
  0x00000167a6730040 WorkerThread "GC Thread#9" [stack: 0x00000044fb900000,0x00000044fba00000] [id=18084]
  0x00000167fad12fc0 ConcurrentGCThread "G1 Main Marker" [stack: 0x00000044f9700000,0x00000044f9800000] [id=13468]
  0x00000167fad14260 WorkerThread "G1 Conc#0" [stack: 0x00000044f9800000,0x00000044f9900000] [id=17980]
  0x00000167ff544170 ConcurrentGCThread "G1 Refine#0" [stack: 0x00000044f9900000,0x00000044f9a00000] [id=19068]
  0x00000167ff544cb0 ConcurrentGCThread "G1 Service" [stack: 0x00000044f9a00000,0x00000044f9b00000] [id=6456]

Threads with active compile tasks:
C1 CompilerThread0   273889 1842       3       sun.java2d.pipe.DrawImage::scaleImage (488 bytes)

VM state: not at safepoint (normal execution)

VM Mutex/Monitor currently owned by a thread: None

Heap address: 0x0000000703800000, size: 4040 MB, Compressed Oops mode: Zero based, Oop shift amount: 3

CDS archive(s) mapped at: [0x0000000800000000-0x0000000800c40000-0x0000000800c40000), size 12845056, SharedBaseAddress: 0x0000000800000000, ArchiveRelocationMode: 0.
Compressed class space mapped at: 0x0000000801000000-0x0000000841000000, reserved size: 1073741824
Narrow klass base: 0x0000000800000000, Narrow klass shift: 0, Narrow klass range: 0x100000000

GC Precious Log:
 CardTable entry size: 512
 Card Set container configuration: InlinePtr #cards 4 size 8 Array Of Cards #cards 16 size 48 Howl #buckets 8 coarsen threshold 3686 Howl Bitmap #cards 512 size 80 coarsen threshold 460 Card regions per heap region 1 cards per card region 4096
 CPUs: 12 total, 12 available
 Memory: 16159M
 Large Page Support: Disabled
 NUMA Support: Disabled
 Compressed Oops: Enabled (Zero based)
 Heap Region Size: 2M
 Heap Min Capacity: 8M
 Heap Initial Capacity: 254M
 Heap Max Capacity: 4040M
 Pre-touch: Disabled
 Parallel Workers: 10
 Concurrent Workers: 3
 Concurrent Refinement Workers: 10
 Periodic GC: Disabled

Heap:
 garbage-first heap   total 260096K, used 6724K [0x0000000703800000, 0x0000000800000000)
  region size 2048K, 4 young (8192K), 2 survivors (4096K)
 Metaspace       used 9768K, committed 9984K, reserved 1114112K
  class space    used 1020K, committed 1088K, reserved 1048576K

Heap Regions: E=young(eden), S=young(survivor), O=old, HS=humongous(starts), HC=humongous(continues), CS=collection set, F=free, OA=open archive, CA=closed archive, TAMS=top-at-mark-start (previous, next)
|   0|0x0000000703800000, 0x0000000703891200, 0x0000000703a00000| 28%| O|  |TAMS 0x0000000703800000, 0x0000000703800000| Untracked 
|   1|0x0000000703a00000, 0x0000000703a00000, 0x0000000703c00000|  0%| F|  |TAMS 0x0000000703a00000, 0x0000000703a00000| Untracked 
|   2|0x0000000703c00000, 0x0000000703c00000, 0x0000000703e00000|  0%| F|  |TAMS 0x0000000703c00000, 0x0000000703c00000| Untracked 
|   3|0x0000000703e00000, 0x0000000703e00000, 0x0000000704000000|  0%| F|  |TAMS 0x0000000703e00000, 0x0000000703e00000| Untracked 
|   4|0x0000000704000000, 0x0000000704000000, 0x0000000704200000|  0%| F|  |TAMS 0x0000000704000000, 0x0000000704000000| Untracked 
|   5|0x0000000704200000, 0x0000000704200000, 0x0000000704400000|  0%| F|  |TAMS 0x0000000704200000, 0x0000000704200000| Untracked 
|   6|0x0000000704400000, 0x0000000704400000, 0x0000000704600000|  0%| F|  |TAMS 0x0000000704400000, 0x0000000704400000| Untracked 
|   7|0x0000000704600000, 0x0000000704600000, 0x0000000704800000|  0%| F|  |TAMS 0x0000000704600000, 0x0000000704600000| Untracked 
|   8|0x0000000704800000, 0x0000000704800000, 0x0000000704a00000|  0%| F|  |TAMS 0x0000000704800000, 0x0000000704800000| Untracked 
|   9|0x0000000704a00000, 0x0000000704a00000, 0x0000000704c00000|  0%| F|  |TAMS 0x0000000704a00000, 0x0000000704a00000| Untracked 
|  10|0x0000000704c00000, 0x0000000704c00000, 0x0000000704e00000|  0%| F|  |TAMS 0x0000000704c00000, 0x0000000704c00000| Untracked 
|  11|0x0000000704e00000, 0x0000000704e00000, 0x0000000705000000|  0%| F|  |TAMS 0x0000000704e00000, 0x0000000704e00000| Untracked 
|  12|0x0000000705000000, 0x0000000705000000, 0x0000000705200000|  0%| F|  |TAMS 0x0000000705000000, 0x0000000705000000| Untracked 
|  13|0x0000000705200000, 0x0000000705200000, 0x0000000705400000|  0%| F|  |TAMS 0x0000000705200000, 0x0000000705200000| Untracked 
|  14|0x0000000705400000, 0x0000000705400000, 0x0000000705600000|  0%| F|  |TAMS 0x0000000705400000, 0x0000000705400000| Untracked 
|  15|0x0000000705600000, 0x0000000705600000, 0x0000000705800000|  0%| F|  |TAMS 0x0000000705600000, 0x0000000705600000| Untracked 
|  16|0x0000000705800000, 0x0000000705800000, 0x0000000705a00000|  0%| F|  |TAMS 0x0000000705800000, 0x0000000705800000| Untracked 
|  17|0x0000000705a00000, 0x0000000705a00000, 0x0000000705c00000|  0%| F|  |TAMS 0x0000000705a00000, 0x0000000705a00000| Untracked 
|  18|0x0000000705c00000, 0x0000000705c00000, 0x0000000705e00000|  0%| F|  |TAMS 0x0000000705c00000, 0x0000000705c00000| Untracked 
|  19|0x0000000705e00000, 0x0000000705e00000, 0x0000000706000000|  0%| F|  |TAMS 0x0000000705e00000, 0x0000000705e00000| Untracked 
|  20|0x0000000706000000, 0x0000000706000000, 0x0000000706200000|  0%| F|  |TAMS 0x0000000706000000, 0x0000000706000000| Untracked 
|  21|0x0000000706200000, 0x0000000706200000, 0x0000000706400000|  0%| F|  |TAMS 0x0000000706200000, 0x0000000706200000| Untracked 
|  22|0x0000000706400000, 0x0000000706400000, 0x0000000706600000|  0%| F|  |TAMS 0x0000000706400000, 0x0000000706400000| Untracked 
|  23|0x0000000706600000, 0x0000000706600000, 0x0000000706800000|  0%| F|  |TAMS 0x0000000706600000, 0x0000000706600000| Untracked 
|  24|0x0000000706800000, 0x0000000706800000, 0x0000000706a00000|  0%| F|  |TAMS 0x0000000706800000, 0x0000000706800000| Untracked 
|  25|0x0000000706a00000, 0x0000000706a00000, 0x0000000706c00000|  0%| F|  |TAMS 0x0000000706a00000, 0x0000000706a00000| Untracked 
|  26|0x0000000706c00000, 0x0000000706c00000, 0x0000000706e00000|  0%| F|  |TAMS 0x0000000706c00000, 0x0000000706c00000| Untracked 
|  27|0x0000000706e00000, 0x0000000706e00000, 0x0000000707000000|  0%| F|  |TAMS 0x0000000706e00000, 0x0000000706e00000| Untracked 
|  28|0x0000000707000000, 0x0000000707000000, 0x0000000707200000|  0%| F|  |TAMS 0x0000000707000000, 0x0000000707000000| Untracked 
|  29|0x0000000707200000, 0x0000000707200000, 0x0000000707400000|  0%| F|  |TAMS 0x0000000707200000, 0x0000000707200000| Untracked 
|  30|0x0000000707400000, 0x0000000707400000, 0x0000000707600000|  0%| F|  |TAMS 0x0000000707400000, 0x0000000707400000| Untracked 
|  31|0x0000000707600000, 0x0000000707600000, 0x0000000707800000|  0%| F|  |TAMS 0x0000000707600000, 0x0000000707600000| Untracked 
|  32|0x0000000707800000, 0x0000000707800000, 0x0000000707a00000|  0%| F|  |TAMS 0x0000000707800000, 0x0000000707800000| Untracked 
|  33|0x0000000707a00000, 0x0000000707a00000, 0x0000000707c00000|  0%| F|  |TAMS 0x0000000707a00000, 0x0000000707a00000| Untracked 
|  34|0x0000000707c00000, 0x0000000707c00000, 0x0000000707e00000|  0%| F|  |TAMS 0x0000000707c00000, 0x0000000707c00000| Untracked 
|  35|0x0000000707e00000, 0x0000000707e00000, 0x0000000708000000|  0%| F|  |TAMS 0x0000000707e00000, 0x0000000707e00000| Untracked 
|  36|0x0000000708000000, 0x0000000708000000, 0x0000000708200000|  0%| F|  |TAMS 0x0000000708000000, 0x0000000708000000| Untracked 
|  37|0x0000000708200000, 0x0000000708200000, 0x0000000708400000|  0%| F|  |TAMS 0x0000000708200000, 0x0000000708200000| Untracked 
|  38|0x0000000708400000, 0x0000000708400000, 0x0000000708600000|  0%| F|  |TAMS 0x0000000708400000, 0x0000000708400000| Untracked 
|  39|0x0000000708600000, 0x0000000708600000, 0x0000000708800000|  0%| F|  |TAMS 0x0000000708600000, 0x0000000708600000| Untracked 
|  40|0x0000000708800000, 0x0000000708800000, 0x0000000708a00000|  0%| F|  |TAMS 0x0000000708800000, 0x0000000708800000| Untracked 
|  41|0x0000000708a00000, 0x0000000708a00000, 0x0000000708c00000|  0%| F|  |TAMS 0x0000000708a00000, 0x0000000708a00000| Untracked 
|  42|0x0000000708c00000, 0x0000000708c00000, 0x0000000708e00000|  0%| F|  |TAMS 0x0000000708c00000, 0x0000000708c00000| Untracked 
|  43|0x0000000708e00000, 0x0000000708e00000, 0x0000000709000000|  0%| F|  |TAMS 0x0000000708e00000, 0x0000000708e00000| Untracked 
|  44|0x0000000709000000, 0x0000000709000000, 0x0000000709200000|  0%| F|  |TAMS 0x0000000709000000, 0x0000000709000000| Untracked 
|  45|0x0000000709200000, 0x0000000709200000, 0x0000000709400000|  0%| F|  |TAMS 0x0000000709200000, 0x0000000709200000| Untracked 
|  46|0x0000000709400000, 0x0000000709400000, 0x0000000709600000|  0%| F|  |TAMS 0x0000000709400000, 0x0000000709400000| Untracked 
|  47|0x0000000709600000, 0x0000000709600000, 0x0000000709800000|  0%| F|  |TAMS 0x0000000709600000, 0x0000000709600000| Untracked 
|  48|0x0000000709800000, 0x0000000709800000, 0x0000000709a00000|  0%| F|  |TAMS 0x0000000709800000, 0x0000000709800000| Untracked 
|  49|0x0000000709a00000, 0x0000000709a00000, 0x0000000709c00000|  0%| F|  |TAMS 0x0000000709a00000, 0x0000000709a00000| Untracked 
|  50|0x0000000709c00000, 0x0000000709c00000, 0x0000000709e00000|  0%| F|  |TAMS 0x0000000709c00000, 0x0000000709c00000| Untracked 
|  51|0x0000000709e00000, 0x0000000709e00000, 0x000000070a000000|  0%| F|  |TAMS 0x0000000709e00000, 0x0000000709e00000| Untracked 
|  52|0x000000070a000000, 0x000000070a000000, 0x000000070a200000|  0%| F|  |TAMS 0x000000070a000000, 0x000000070a000000| Untracked 
|  53|0x000000070a200000, 0x000000070a200000, 0x000000070a400000|  0%| F|  |TAMS 0x000000070a200000, 0x000000070a200000| Untracked 
|  54|0x000000070a400000, 0x000000070a400000, 0x000000070a600000|  0%| F|  |TAMS 0x000000070a400000, 0x000000070a400000| Untracked 
|  55|0x000000070a600000, 0x000000070a600000, 0x000000070a800000|  0%| F|  |TAMS 0x000000070a600000, 0x000000070a600000| Untracked 
|  56|0x000000070a800000, 0x000000070a800000, 0x000000070aa00000|  0%| F|  |TAMS 0x000000070a800000, 0x000000070a800000| Untracked 
|  57|0x000000070aa00000, 0x000000070aa00000, 0x000000070ac00000|  0%| F|  |TAMS 0x000000070aa00000, 0x000000070aa00000| Untracked 
|  58|0x000000070ac00000, 0x000000070ac00000, 0x000000070ae00000|  0%| F|  |TAMS 0x000000070ac00000, 0x000000070ac00000| Untracked 
|  59|0x000000070ae00000, 0x000000070ae00000, 0x000000070b000000|  0%| F|  |TAMS 0x000000070ae00000, 0x000000070ae00000| Untracked 
|  60|0x000000070b000000, 0x000000070b000000, 0x000000070b200000|  0%| F|  |TAMS 0x000000070b000000, 0x000000070b000000| Untracked 
|  61|0x000000070b200000, 0x000000070b200000, 0x000000070b400000|  0%| F|  |TAMS 0x000000070b200000, 0x000000070b200000| Untracked 
|  62|0x000000070b400000, 0x000000070b400000, 0x000000070b600000|  0%| F|  |TAMS 0x000000070b400000, 0x000000070b400000| Untracked 
|  63|0x000000070b600000, 0x000000070b600000, 0x000000070b800000|  0%| F|  |TAMS 0x000000070b600000, 0x000000070b600000| Untracked 
|  64|0x000000070b800000, 0x000000070b800000, 0x000000070ba00000|  0%| F|  |TAMS 0x000000070b800000, 0x000000070b800000| Untracked 
|  65|0x000000070ba00000, 0x000000070ba00000, 0x000000070bc00000|  0%| F|  |TAMS 0x000000070ba00000, 0x000000070ba00000| Untracked 
|  66|0x000000070bc00000, 0x000000070bc00000, 0x000000070be00000|  0%| F|  |TAMS 0x000000070bc00000, 0x000000070bc00000| Untracked 
|  67|0x000000070be00000, 0x000000070be00000, 0x000000070c000000|  0%| F|  |TAMS 0x000000070be00000, 0x000000070be00000| Untracked 
|  68|0x000000070c000000, 0x000000070c000000, 0x000000070c200000|  0%| F|  |TAMS 0x000000070c000000, 0x000000070c000000| Untracked 
|  69|0x000000070c200000, 0x000000070c200000, 0x000000070c400000|  0%| F|  |TAMS 0x000000070c200000, 0x000000070c200000| Untracked 
|  70|0x000000070c400000, 0x000000070c400000, 0x000000070c600000|  0%| F|  |TAMS 0x000000070c400000, 0x000000070c400000| Untracked 
|  71|0x000000070c600000, 0x000000070c600000, 0x000000070c800000|  0%| F|  |TAMS 0x000000070c600000, 0x000000070c600000| Untracked 
|  72|0x000000070c800000, 0x000000070c800000, 0x000000070ca00000|  0%| F|  |TAMS 0x000000070c800000, 0x000000070c800000| Untracked 
|  73|0x000000070ca00000, 0x000000070ca00000, 0x000000070cc00000|  0%| F|  |TAMS 0x000000070ca00000, 0x000000070ca00000| Untracked 
|  74|0x000000070cc00000, 0x000000070cc00000, 0x000000070ce00000|  0%| F|  |TAMS 0x000000070cc00000, 0x000000070cc00000| Untracked 
|  75|0x000000070ce00000, 0x000000070ce00000, 0x000000070d000000|  0%| F|  |TAMS 0x000000070ce00000, 0x000000070ce00000| Untracked 
|  76|0x000000070d000000, 0x000000070d000000, 0x000000070d200000|  0%| F|  |TAMS 0x000000070d000000, 0x000000070d000000| Untracked 
|  77|0x000000070d200000, 0x000000070d200000, 0x000000070d400000|  0%| F|  |TAMS 0x000000070d200000, 0x000000070d200000| Untracked 
|  78|0x000000070d400000, 0x000000070d400000, 0x000000070d600000|  0%| F|  |TAMS 0x000000070d400000, 0x000000070d400000| Untracked 
|  79|0x000000070d600000, 0x000000070d600000, 0x000000070d800000|  0%| F|  |TAMS 0x000000070d600000, 0x000000070d600000| Untracked 
|  80|0x000000070d800000, 0x000000070d800000, 0x000000070da00000|  0%| F|  |TAMS 0x000000070d800000, 0x000000070d800000| Untracked 
|  81|0x000000070da00000, 0x000000070da00000, 0x000000070dc00000|  0%| F|  |TAMS 0x000000070da00000, 0x000000070da00000| Untracked 
|  82|0x000000070dc00000, 0x000000070dc00000, 0x000000070de00000|  0%| F|  |TAMS 0x000000070dc00000, 0x000000070dc00000| Untracked 
|  83|0x000000070de00000, 0x000000070de00000, 0x000000070e000000|  0%| F|  |TAMS 0x000000070de00000, 0x000000070de00000| Untracked 
|  84|0x000000070e000000, 0x000000070e000000, 0x000000070e200000|  0%| F|  |TAMS 0x000000070e000000, 0x000000070e000000| Untracked 
|  85|0x000000070e200000, 0x000000070e200000, 0x000000070e400000|  0%| F|  |TAMS 0x000000070e200000, 0x000000070e200000| Untracked 
|  86|0x000000070e400000, 0x000000070e400000, 0x000000070e600000|  0%| F|  |TAMS 0x000000070e400000, 0x000000070e400000| Untracked 
|  87|0x000000070e600000, 0x000000070e600000, 0x000000070e800000|  0%| F|  |TAMS 0x000000070e600000, 0x000000070e600000| Untracked 
|  88|0x000000070e800000, 0x000000070e800000, 0x000000070ea00000|  0%| F|  |TAMS 0x000000070e800000, 0x000000070e800000| Untracked 
|  89|0x000000070ea00000, 0x000000070ea00000, 0x000000070ec00000|  0%| F|  |TAMS 0x000000070ea00000, 0x000000070ea00000| Untracked 
|  90|0x000000070ec00000, 0x000000070ec00000, 0x000000070ee00000|  0%| F|  |TAMS 0x000000070ec00000, 0x000000070ec00000| Untracked 
|  91|0x000000070ee00000, 0x000000070ee00000, 0x000000070f000000|  0%| F|  |TAMS 0x000000070ee00000, 0x000000070ee00000| Untracked 
|  92|0x000000070f000000, 0x000000070f000000, 0x000000070f200000|  0%| F|  |TAMS 0x000000070f000000, 0x000000070f000000| Untracked 
|  93|0x000000070f200000, 0x000000070f200000, 0x000000070f400000|  0%| F|  |TAMS 0x000000070f200000, 0x000000070f200000| Untracked 
|  94|0x000000070f400000, 0x000000070f400000, 0x000000070f600000|  0%| F|  |TAMS 0x000000070f400000, 0x000000070f400000| Untracked 
|  95|0x000000070f600000, 0x000000070f600000, 0x000000070f800000|  0%| F|  |TAMS 0x000000070f600000, 0x000000070f600000| Untracked 
|  96|0x000000070f800000, 0x000000070f800000, 0x000000070fa00000|  0%| F|  |TAMS 0x000000070f800000, 0x000000070f800000| Untracked 
|  97|0x000000070fa00000, 0x000000070fa00000, 0x000000070fc00000|  0%| F|  |TAMS 0x000000070fa00000, 0x000000070fa00000| Untracked 
|  98|0x000000070fc00000, 0x000000070fc00000, 0x000000070fe00000|  0%| F|  |TAMS 0x000000070fc00000, 0x000000070fc00000| Untracked 
|  99|0x000000070fe00000, 0x000000070fe00000, 0x0000000710000000|  0%| F|  |TAMS 0x000000070fe00000, 0x000000070fe00000| Untracked 
| 100|0x0000000710000000, 0x0000000710000000, 0x0000000710200000|  0%| F|  |TAMS 0x0000000710000000, 0x0000000710000000| Untracked 
| 101|0x0000000710200000, 0x0000000710200000, 0x0000000710400000|  0%| F|  |TAMS 0x0000000710200000, 0x0000000710200000| Untracked 
| 102|0x0000000710400000, 0x0000000710400000, 0x0000000710600000|  0%| F|  |TAMS 0x0000000710400000, 0x0000000710400000| Untracked 
| 103|0x0000000710600000, 0x0000000710600000, 0x0000000710800000|  0%| F|  |TAMS 0x0000000710600000, 0x0000000710600000| Untracked 
| 104|0x0000000710800000, 0x0000000710800000, 0x0000000710a00000|  0%| F|  |TAMS 0x0000000710800000, 0x0000000710800000| Untracked 
| 105|0x0000000710a00000, 0x0000000710a00000, 0x0000000710c00000|  0%| F|  |TAMS 0x0000000710a00000, 0x0000000710a00000| Untracked 
| 106|0x0000000710c00000, 0x0000000710c00000, 0x0000000710e00000|  0%| F|  |TAMS 0x0000000710c00000, 0x0000000710c00000| Untracked 
| 107|0x0000000710e00000, 0x0000000710e00000, 0x0000000711000000|  0%| F|  |TAMS 0x0000000710e00000, 0x0000000710e00000| Untracked 
| 108|0x0000000711000000, 0x0000000711000000, 0x0000000711200000|  0%| F|  |TAMS 0x0000000711000000, 0x0000000711000000| Untracked 
| 109|0x0000000711200000, 0x0000000711200000, 0x0000000711400000|  0%| F|  |TAMS 0x0000000711200000, 0x0000000711200000| Untracked 
| 110|0x0000000711400000, 0x0000000711400000, 0x0000000711600000|  0%| F|  |TAMS 0x0000000711400000, 0x0000000711400000| Untracked 
| 111|0x0000000711600000, 0x0000000711600000, 0x0000000711800000|  0%| F|  |TAMS 0x0000000711600000, 0x0000000711600000| Untracked 
| 112|0x0000000711800000, 0x0000000711800000, 0x0000000711a00000|  0%| F|  |TAMS 0x0000000711800000, 0x0000000711800000| Untracked 
| 113|0x0000000711a00000, 0x0000000711a00000, 0x0000000711c00000|  0%| F|  |TAMS 0x0000000711a00000, 0x0000000711a00000| Untracked 
| 114|0x0000000711c00000, 0x0000000711e00000, 0x0000000711e00000|100%| S|CS|TAMS 0x0000000711c00000, 0x0000000711c00000| Complete 
| 115|0x0000000711e00000, 0x0000000712000000, 0x0000000712000000|100%| S|CS|TAMS 0x0000000711e00000, 0x0000000711e00000| Complete 
| 116|0x0000000712000000, 0x0000000712000000, 0x0000000712200000|  0%| F|  |TAMS 0x0000000712000000, 0x0000000712000000| Untracked 
| 117|0x0000000712200000, 0x0000000712200000, 0x0000000712400000|  0%| F|  |TAMS 0x0000000712200000, 0x0000000712200000| Untracked 
| 118|0x0000000712400000, 0x0000000712400000, 0x0000000712600000|  0%| F|  |TAMS 0x0000000712400000, 0x0000000712400000| Untracked 
| 119|0x0000000712600000, 0x0000000712600000, 0x0000000712800000|  0%| F|  |TAMS 0x0000000712600000, 0x0000000712600000| Untracked 
| 120|0x0000000712800000, 0x0000000712800000, 0x0000000712a00000|  0%| F|  |TAMS 0x0000000712800000, 0x0000000712800000| Untracked 
| 121|0x0000000712a00000, 0x0000000712a00000, 0x0000000712c00000|  0%| F|  |TAMS 0x0000000712a00000, 0x0000000712a00000| Untracked 
| 122|0x0000000712c00000, 0x0000000712c00000, 0x0000000712e00000|  0%| F|  |TAMS 0x0000000712c00000, 0x0000000712c00000| Untracked 
| 123|0x0000000712e00000, 0x0000000712e00000, 0x0000000713000000|  0%| F|  |TAMS 0x0000000712e00000, 0x0000000712e00000| Untracked 
| 124|0x0000000713000000, 0x0000000713000000, 0x0000000713200000|  0%| F|  |TAMS 0x0000000713000000, 0x0000000713000000| Untracked 
| 125|0x0000000713200000, 0x0000000713400000, 0x0000000713400000|100%| E|  |TAMS 0x0000000713200000, 0x0000000713200000| Complete 
| 126|0x0000000713400000, 0x0000000713600000, 0x0000000713600000|100%| E|CS|TAMS 0x0000000713400000, 0x0000000713400000| Complete 

Card table byte_map: [0x00000167fd9e0000,0x00000167fe1d0000] _byte_map_base: 0x00000167fa1c4000

Marking Bits (Prev, Next): (CMBitMap*) 0x00000167fad02870, (CMBitMap*) 0x00000167fad028b0
 Prev Bits: [0x0000016796e90000, 0x000001679adb0000)
 Next Bits: [0x000001679adb0000, 0x000001679ecd0000)

Polling page: 0x00000167fad60000

Metaspace:

Usage:
  Non-class:      8.54 MB used.
      Class:   1020.62 KB used.
       Both:      9.54 MB used.

Virtual space:
  Non-class space:       64.00 MB reserved,       8.69 MB ( 14%) committed,  1 nodes.
      Class space:        1.00 GB reserved,       1.06 MB ( <1%) committed,  1 nodes.
             Both:        1.06 GB reserved,       9.75 MB ( <1%) committed. 

Chunk freelists:
   Non-Class:  2.98 MB
       Class:  2.75 MB
        Both:  5.73 MB

MaxMetaspaceSize: unlimited
CompressedClassSpaceSize: 1.00 GB
Initial GC threshold: 21.00 MB
Current GC threshold: 21.00 MB
CDS: on
MetaspaceReclaimPolicy: balanced
 - commit_granule_bytes: 65536.
 - commit_granule_words: 8192.
 - virtual_space_node_default_size: 8388608.
 - enlarge_chunks_in_place: 1.
 - new_chunks_are_fully_committed: 0.
 - uncommit_free_chunks: 1.
 - use_allocation_guard: 0.


Internal statistics:

num_allocs_failed_limit: 0.
num_arena_births: 170.
num_arena_deaths: 0.
num_vsnodes_births: 2.
num_vsnodes_deaths: 0.
num_space_committed: 156.
num_space_uncommitted: 0.
num_chunks_returned_to_freelist: 0.
num_chunks_taken_from_freelist: 209.
num_chunk_merges: 0.
num_chunk_splits: 137.
num_chunks_enlarged: 86.
num_inconsistent_stats: 0.

CodeHeap 'non-profiled nmethods': size=120000Kb used=530Kb max_used=530Kb free=119469Kb
 bounds [0x000001678f960000, 0x000001678fbd0000, 0x0000016796e90000]
CodeHeap 'profiled nmethods': size=120000Kb used=3127Kb max_used=3127Kb free=116872Kb
 bounds [0x0000016787e90000, 0x00000167881a0000, 0x000001678f3c0000]
CodeHeap 'non-nmethods': size=5760Kb used=1391Kb max_used=1409Kb free=4368Kb
 bounds [0x000001678f3c0000, 0x000001678f630000, 0x000001678f960000]
 total_blobs=2487 nmethods=1841 adapters=557
 compilation: enabled
              stopped_count=0, restarted_count=0
 full_count=0

Compilation events (20 events):
Event: 25.911 Thread 0x00000167ff6ea580 nmethod 1831 0x000001678819a190 code [0x000001678819a340, 0x000001678819a4c8]
Event: 25.972 Thread 0x00000167ff6be850 1833       4       java.util.ArrayList::get (15 bytes)
Event: 25.973 Thread 0x00000167ff6be850 nmethod 1833 0x000001678f9e3f90 code [0x000001678f9e4120, 0x000001678f9e4218]
Event: 26.331 Thread 0x00000167ff6be850 1834       4       jdk.internal.misc.Unsafe::weakCompareAndSetInt (11 bytes)
Event: 26.331 Thread 0x00000167ff6be850 nmethod 1834 0x000001678f9e4310 code [0x000001678f9e4480, 0x000001678f9e4518]
Event: 265.404 Thread 0x00000167ff6be850 1835       4       java.util.concurrent.locks.ReentrantLock$Sync::tryRelease (51 bytes)
Event: 265.406 Thread 0x00000167ff6be850 nmethod 1835 0x000001678f9e4610 code [0x000001678f9e47a0, 0x000001678f9e48d8]
Event: 273.830 Thread 0x00000167ff6ea580 1836   !   3       sun.java2d.SunGraphics2D::scaleImage (115 bytes)
Event: 273.831 Thread 0x00000167ff6ea580 nmethod 1836 0x000001678819a590 code [0x000001678819a7c0, 0x000001678819b0e8]
Event: 273.831 Thread 0x00000167ff6ea580 1837       3       sun.java2d.pipe.DrawImage::scaleSurfaceData (79 bytes)
Event: 273.832 Thread 0x00000167ff6ea580 nmethod 1837 0x000001678819b610 code [0x000001678819b820, 0x000001678819bfe8]
Event: 273.832 Thread 0x00000167ff6ea580 1838       3       sun.java2d.loops.ScaledBlit::getFromCache (49 bytes)
Event: 273.832 Thread 0x00000167ff6ea580 nmethod 1838 0x000001678819c310 code [0x000001678819c500, 0x000001678819ca08]
Event: 273.832 Thread 0x00000167ff6ea580 1839       3       java.awt.image.VolatileImage::getGraphics (5 bytes)
Event: 273.832 Thread 0x00000167ff6ea580 nmethod 1839 0x000001678819cb90 code [0x000001678819cd40, 0x000001678819ce88]
Event: 273.832 Thread 0x00000167ff6ea580 1840       3       sun.java2d.SunGraphics2D::scale (14 bytes)
Event: 273.833 Thread 0x00000167ff6ea580 nmethod 1840 0x000001678819cf90 code [0x000001678819d140, 0x000001678819d2d8]
Event: 273.833 Thread 0x00000167ff6ea580 1841       3       sun.java2d.pipe.DrawImage::scaleImage (84 bytes)
Event: 273.833 Thread 0x00000167ff6ea580 nmethod 1841 0x000001678819d410 code [0x000001678819d600, 0x000001678819dc38]
Event: 273.833 Thread 0x00000167ff6ea580 1842       3       sun.java2d.pipe.DrawImage::scaleImage (488 bytes)

GC Heap History (2 events):
Event: 25.357 GC heap before
{Heap before GC invocations=0 (full 0):
 garbage-first heap   total 260096K, used 20480K [0x0000000703800000, 0x0000000800000000)
  region size 2048K, 11 young (22528K), 0 survivors (0K)
 Metaspace       used 9708K, committed 9920K, reserved 1114112K
  class space    used 1020K, committed 1088K, reserved 1048576K
}
Event: 25.365 GC heap after
{Heap after GC invocations=1 (full 0):
 garbage-first heap   total 260096K, used 4676K [0x0000000703800000, 0x0000000800000000)
  region size 2048K, 2 young (4096K), 2 survivors (4096K)
 Metaspace       used 9708K, committed 9920K, reserved 1114112K
  class space    used 1020K, committed 1088K, reserved 1048576K
}

Dll operation events (13 events):
Event: 0.013 Loaded shared library C:\Users\dell\.jdks\openjdk-19.0.2\bin\java.dll
Event: 0.025 Loaded shared library C:\Users\dell\.jdks\openjdk-19.0.2\bin\jsvml.dll
Event: 0.089 Loaded shared library C:\Users\dell\.jdks\openjdk-19.0.2\bin\zip.dll
Event: 0.092 Loaded shared library C:\Users\dell\.jdks\openjdk-19.0.2\bin\instrument.dll
Event: 0.099 Loaded shared library C:\Users\dell\.jdks\openjdk-19.0.2\bin\net.dll
Event: 0.102 Loaded shared library C:\Users\dell\.jdks\openjdk-19.0.2\bin\nio.dll
Event: 0.105 Loaded shared library C:\Users\dell\.jdks\openjdk-19.0.2\bin\zip.dll
Event: 0.115 Loaded shared library E:\Programs\IntelliJ IDEA 2022.3.2\bin\breakgen64.dll
Event: 0.130 Loaded shared library C:\Users\dell\.jdks\openjdk-19.0.2\bin\extnet.dll
Event: 0.133 Loaded shared library C:\Users\dell\.jdks\openjdk-19.0.2\bin\jimage.dll
Event: 0.151 Loaded shared library C:\Users\dell\.jdks\openjdk-19.0.2\bin\awt.dll
Event: 0.512 Loaded shared library C:\Users\dell\.jdks\openjdk-19.0.2\bin\freetype.dll
Event: 0.513 Loaded shared library C:\Users\dell\.jdks\openjdk-19.0.2\bin\fontmanager.dll

Deoptimization events (20 events):
Event: 12.161 Thread 0x00000167a615c5a0 Uncommon trap: trap_request=0xffffffde fr.pc=0x000001678f99d7e0 relative=0x00000000000002a0
Event: 12.161 Thread 0x00000167a615c5a0 Uncommon trap: reason=class_check action=maybe_recompile pc=0x000001678f99d7e0 method=java.util.HashMap.getNode(Ljava/lang/Object;)Ljava/util/HashMap$Node; @ 128 c2
Event: 12.161 Thread 0x00000167a615c5a0 DEOPT PACKING pc=0x000001678f99d7e0 sp=0x00000044fadfdfb0
Event: 12.161 Thread 0x00000167a615c5a0 DEOPT UNPACKING pc=0x000001678f426da3 sp=0x00000044fadfdf28 mode 2
Event: 22.134 Thread 0x00000167a615c5a0 DEOPT PACKING pc=0x00000167880e9a03 sp=0x00000044fadfcf40
Event: 22.134 Thread 0x00000167a615c5a0 DEOPT UNPACKING pc=0x000001678f427543 sp=0x00000044fadfc3b0 mode 0
Event: 22.135 Thread 0x00000167a615c5a0 DEOPT PACKING pc=0x00000167880e9a03 sp=0x00000044fadfcf40
Event: 22.135 Thread 0x00000167a615c5a0 DEOPT UNPACKING pc=0x000001678f427543 sp=0x00000044fadfc3b0 mode 0
Event: 22.136 Thread 0x00000167a615c5a0 DEOPT PACKING pc=0x00000167880e9a03 sp=0x00000044fadfcf40
Event: 22.136 Thread 0x00000167a615c5a0 DEOPT UNPACKING pc=0x000001678f427543 sp=0x00000044fadfc3b0 mode 0
Event: 22.137 Thread 0x00000167a615c5a0 DEOPT PACKING pc=0x00000167880e9a03 sp=0x00000044fadfcf40
Event: 22.137 Thread 0x00000167a615c5a0 DEOPT UNPACKING pc=0x000001678f427543 sp=0x00000044fadfc3b0 mode 0
Event: 22.710 Thread 0x00000167a615c5a0 DEOPT PACKING pc=0x00000167880f8cc6 sp=0x00000044fadfcf70
Event: 22.710 Thread 0x00000167a615c5a0 DEOPT UNPACKING pc=0x000001678f427543 sp=0x00000044fadfc458 mode 0
Event: 24.165 Thread 0x00000167a615c5a0 DEOPT PACKING pc=0x00000167880eaab3 sp=0x00000044fadfd200
Event: 24.165 Thread 0x00000167a615c5a0 DEOPT UNPACKING pc=0x000001678f427543 sp=0x00000044fadfc6e0 mode 0
Event: 25.365 Thread 0x00000167a615c5a0 Uncommon trap: trap_request=0xffffff45 fr.pc=0x000001678f9dfc0c relative=0x00000000000000ec
Event: 25.365 Thread 0x00000167a615c5a0 Uncommon trap: reason=unstable_if action=reinterpret pc=0x000001678f9dfc0c method=java.lang.ref.SoftReference.get()Ljava/lang/Object; @ 17 c2
Event: 25.365 Thread 0x00000167a615c5a0 DEOPT PACKING pc=0x000001678f9dfc0c sp=0x00000044fadfd4c0
Event: 25.365 Thread 0x00000167a615c5a0 DEOPT UNPACKING pc=0x000001678f426da3 sp=0x00000044fadfd470 mode 2

Classes loaded (20 events):
Event: 22.103 Loading class sun/swing/CachedPainter done
Event: 22.103 Loading class javax/swing/plaf/metal/MetalUtils$GradientPainter done
Event: 22.103 Loading class sun/swing/CachedPainter$PainterMultiResolutionCachedImage
Event: 22.103 Loading class java/awt/image/AbstractMultiResolutionImage
Event: 22.103 Loading class java/awt/image/AbstractMultiResolutionImage done
Event: 22.103 Loading class sun/swing/CachedPainter$PainterMultiResolutionCachedImage done
Event: 22.103 Loading class sun/swing/ImageCache
Event: 22.103 Loading class sun/swing/ImageCache done
Event: 22.103 Loading class sun/swing/ImageCache$Entry
Event: 22.103 Loading class sun/swing/ImageCache$Entry done
Event: 22.104 Loading class java/awt/GradientPaint
Event: 22.104 Loading class java/awt/GradientPaint done
Event: 22.104 Loading class java/awt/GradientPaintContext
Event: 22.104 Loading class java/awt/PaintContext
Event: 22.104 Loading class java/awt/PaintContext done
Event: 22.104 Loading class java/awt/GradientPaintContext done
Event: 22.104 Loading class java/awt/geom/Point2D$Double
Event: 22.104 Loading class java/awt/geom/Point2D$Double done
Event: 22.105 Loading class sun/java2d/pipe/AlphaPaintPipe$TileContext
Event: 22.105 Loading class sun/java2d/pipe/AlphaPaintPipe$TileContext done

Classes unloaded (0 events):
No events

Classes redefined (0 events):
No events

Internal exceptions (17 events):
Event: 0.107 Thread 0x00000167fac904f0 Exception <a 'java/lang/NoSuchMethodError'{0x00000007132c24d0}: 'void java.lang.invoke.DirectMethodHandle$Holder.invokeStatic(java.lang.Object, java.lang.Object, java.lang.Object)'> (0x00000007132c24d0) 
thrown [s\open\src\hotspot\share\interpreter\linkResolver.cpp, line 774]
Event: 0.111 Thread 0x00000167fac904f0 Exception <a 'java/lang/NoSuchMethodError'{0x00000007132daac8}: 'java.lang.Object java.lang.invoke.Invokers$Holder.invokeExact_MT(java.lang.Object, java.lang.Object, java.lang.Object, java.lang.Object, java.lang.Object)'> (0x00000007132daac8) 
thrown [s\open\src\hotspot\share\interpreter\linkResolver.cpp, line 774]
Event: 0.131 Thread 0x00000167a527d890 Exception <a 'java/lang/NoSuchMethodError'{0x0000000713359d88}: 'void java.lang.invoke.DirectMethodHandle$Holder.invokeStatic(java.lang.Object, java.lang.Object)'> (0x0000000713359d88) 
thrown [s\open\src\hotspot\share\interpreter\linkResolver.cpp, line 774]
Event: 0.139 Thread 0x00000167fac904f0 Exception <a 'java/lang/ClassNotFoundException'{0x00000007132fb8c0}: sun/awt/resources/spi/awtProvider> (0x00000007132fb8c0) 
thrown [s\open\src\hotspot\share\classfile\systemDictionary.cpp, line 255]
Event: 0.164 Thread 0x00000167fac904f0 Exception <a 'java/io/FileNotFoundException'{0x00000007133507e0}> (0x00000007133507e0) 
thrown [s\open\src\hotspot\share\prims\jni.cpp, line 517]
Event: 0.172 Thread 0x00000167fac904f0 Exception <a 'java/io/FileNotFoundException'{0x00000007133ed878}> (0x00000007133ed878) 
thrown [s\open\src\hotspot\share\prims\jni.cpp, line 517]
Event: 0.223 Thread 0x00000167fac904f0 Exception <a 'java/lang/NoSuchMethodError'{0x0000000713029808}: 'java.lang.Object java.lang.invoke.DirectMethodHandle$Holder.invokeStaticInit(java.lang.Object)'> (0x0000000713029808) 
thrown [s\open\src\hotspot\share\interpreter\linkResolver.cpp, line 774]
Event: 0.430 Thread 0x00000167fac904f0 Exception <a 'java/lang/NoSuchMethodError'{0x00000007131686f0}: 'void java.lang.invoke.DirectMethodHandle$Holder.invokeSpecial(java.lang.Object, java.lang.Object, java.lang.Object)'> (0x00000007131686f0) 
thrown [s\open\src\hotspot\share\interpreter\linkResolver.cpp, line 774]
Event: 0.440 Thread 0x00000167fac904f0 Exception <a 'java/lang/NoSuchMethodError'{0x0000000713192e30}: 'java.lang.Object java.lang.invoke.DirectMethodHandle$Holder.newInvokeSpecial(java.lang.Object, java.lang.Object, java.lang.Object, java.lang.Object, java.lang.Object)'> (0x0000000713192e30) 
thrown [s\open\src\hotspot\share\interpreter\linkResolver.cpp, line 774]
Event: 0.447 Thread 0x00000167fac904f0 Exception <a 'java/lang/NoSuchMethodError'{0x00000007131c4560}: 'java.lang.Object java.lang.invoke.DirectMethodHandle$Holder.invokeStatic(java.lang.Object, int, java.lang.Object)'> (0x00000007131c4560) 
thrown [s\open\src\hotspot\share\interpreter\linkResolver.cpp, line 774]
Event: 0.483 Thread 0x00000167fac904f0 Exception <a 'java/lang/ClassNotFoundException'{0x0000000712e7fe70}: com/sun/swing/internal/plaf/metal/resources/spi/metalProvider> (0x0000000712e7fe70) 
thrown [s\open\src\hotspot\share\classfile\systemDictionary.cpp, line 255]
Event: 0.484 Thread 0x00000167fac904f0 Exception <a 'java/lang/ClassNotFoundException'{0x0000000712e83df0}: com/sun/swing/internal/plaf/basic/resources/spi/basicProvider> (0x0000000712e83df0) 
thrown [s\open\src\hotspot\share\classfile\systemDictionary.cpp, line 255]
Event: 0.493 Thread 0x00000167fac904f0 Exception <a 'java/lang/NoSuchMethodError'{0x0000000712ea0828}: 'int java.lang.invoke.Invokers$Holder.invokeExact_MT(java.lang.Object, java.lang.Object)'> (0x0000000712ea0828) 
thrown [s\open\src\hotspot\share\interpreter\linkResolver.cpp, line 774]
Event: 0.630 Thread 0x00000167a53866d0 Exception <a 'java/lang/NoSuchMethodError'{0x00000007130f1160}: 'void java.lang.invoke.DirectMethodHandle$Holder.invokeVirtual(java.lang.Object, java.lang.Object)'> (0x00000007130f1160) 
thrown [s\open\src\hotspot\share\interpreter\linkResolver.cpp, line 774]
Event: 0.647 Thread 0x00000167fac904f0 Exception <a 'java/lang/NoSuchMethodError'{0x0000000712c9d008}: 'void java.lang.invoke.DirectMethodHandle$Holder.invokeStaticInit(java.lang.Object)'> (0x0000000712c9d008) 
thrown [s\open\src\hotspot\share\interpreter\linkResolver.cpp, line 774]
Event: 1.035 Thread 0x00000167ff6adf20 Exception <a 'java/lang/NoSuchMethodError'{0x0000000712ba8a20}: 'java.lang.Object java.lang.invoke.Invokers$Holder.invokeExact_MT(java.lang.Object, java.lang.Object, java.lang.Object, java.lang.Object, java.lang.Object, java.lang.Object)'> (0x0000000712ba8a20) 
thrown [s\open\src\hotspot\share\interpreter\linkResolver.cpp, line 774]
Event: 1.755 Thread 0x00000167a6283d90 Exception <a 'java/lang/NoSuchMethodError'{0x0000000712926640}: 'java.lang.Object java.lang.invoke.DirectMethodHandle$Holder.newInvokeSpecial(java.lang.Object, java.lang.Object, java.lang.Object, int, int, int, int, int)'> (0x0000000712926640) 
thrown [s\open\src\hotspot\share\interpreter\linkResolver.cpp, line 774]

VM Operations (20 events):
Event: 16.861 Executing VM operation: Cleanup
Event: 16.861 Executing VM operation: Cleanup done
Event: 17.875 Executing VM operation: Cleanup
Event: 17.875 Executing VM operation: Cleanup done
Event: 19.881 Executing VM operation: Cleanup
Event: 19.881 Executing VM operation: Cleanup done
Event: 20.892 Executing VM operation: Cleanup
Event: 20.892 Executing VM operation: Cleanup done
Event: 21.903 Executing VM operation: Cleanup
Event: 21.904 Executing VM operation: Cleanup done
Event: 22.917 Executing VM operation: Cleanup
Event: 22.917 Executing VM operation: Cleanup done
Event: 23.932 Executing VM operation: Cleanup
Event: 23.932 Executing VM operation: Cleanup done
Event: 24.932 Executing VM operation: Cleanup
Event: 24.932 Executing VM operation: Cleanup done
Event: 25.357 Executing VM operation: G1CollectForAllocation
Event: 25.365 Executing VM operation: G1CollectForAllocation done
Event: 27.366 Executing VM operation: Cleanup
Event: 27.366 Executing VM operation: Cleanup done

Events (20 events):
Event: 0.043 Thread 0x00000167ff6ea580 Thread added: 0x00000167ff6ea580
Event: 0.043 Thread 0x00000167a5000080 Thread added: 0x00000167a5000080
Event: 0.066 Thread 0x00000167ff679010 Thread added: 0x00000167ff679010
Event: 0.115 Thread 0x00000167a527d890 Thread added: 0x00000167a527d890
Event: 0.115 Thread 0x00000167a5239f20 Thread added: 0x00000167a5239f20
Event: 0.224 Thread 0x00000167a537f5c0 Thread added: 0x00000167a537f5c0
Event: 0.225 Thread 0x00000167a5382e40 Thread added: 0x00000167a5382e40
Event: 0.226 Thread 0x00000167a53866d0 Thread added: 0x00000167a53866d0
Event: 0.585 Thread 0x00000167ff6e7370 Thread added: 0x00000167ff6e7370
Event: 0.632 Thread 0x00000167a615c5a0 Thread added: 0x00000167a615c5a0
Event: 0.723 Thread 0x00000167fac904f0 Thread exited: 0x00000167fac904f0
Event: 0.723 Thread 0x00000167fac904f0 Thread added: 0x00000167fac904f0
Event: 0.949 Thread 0x00000167ff6e7370 Thread exited: 0x00000167ff6e7370
Event: 1.023 Thread 0x00000167ff6e8420 Thread added: 0x00000167ff6e8420
Event: 1.025 Thread 0x00000167ff6e9a60 Thread added: 0x00000167ff6e9a60
Event: 1.148 Thread 0x00000167ff6e9a60 Thread exited: 0x00000167ff6e9a60
Event: 1.178 Thread 0x00000167ff6e8420 Thread exited: 0x00000167ff6e8420
Event: 1.716 Thread 0x00000167a6283d90 Thread added: 0x00000167a6283d90
Event: 1.987 Thread 0x00000167a639dbb0 Thread added: 0x00000167a639dbb0
Event: 6.773 Thread 0x00000167a6283d90 Thread exited: 0x00000167a6283d90


Dynamic libraries:
0x00007ff7c9f40000 - 0x00007ff7c9f4e000 	C:\Users\dell\.jdks\openjdk-19.0.2\bin\java.exe
0x00007ffaaee10000 - 0x00007ffaaf008000 	C:\Windows\SYSTEM32\ntdll.dll
0x00007ffa85830000 - 0x00007ffa85849000 	C:\Program Files\Avast Software\Avast\aswhook.dll
0x00007ffaadf20000 - 0x00007ffaadfdf000 	C:\Windows\System32\KERNEL32.DLL
0x00007ffaac950000 - 0x00007ffaacc46000 	C:\Windows\System32\KERNELBASE.dll
0x00007ffaac650000 - 0x00007ffaac750000 	C:\Windows\System32\ucrtbase.dll
0x00007ffaa6430000 - 0x00007ffaa6447000 	C:\Users\dell\.jdks\openjdk-19.0.2\bin\jli.dll
0x00007ffaa38b0000 - 0x00007ffaa38cb000 	C:\Users\dell\.jdks\openjdk-19.0.2\bin\VCRUNTIME140.dll
0x00007ffaad760000 - 0x00007ffaad8fd000 	C:\Windows\System32\USER32.dll
0x00007ffaac5a0000 - 0x00007ffaac5c2000 	C:\Windows\System32\win32u.dll
0x00007ffaae940000 - 0x00007ffaae96c000 	C:\Windows\System32\GDI32.dll
0x00007ffa93a30000 - 0x00007ffa93cca000 	C:\Windows\WinSxS\amd64_microsoft.windows.common-controls_6595b64144ccf1df_6.0.19041.1110_none_60b5254171f9507e\COMCTL32.dll
0x00007ffaacc50000 - 0x00007ffaacd65000 	C:\Windows\System32\gdi32full.dll
0x00007ffaad650000 - 0x00007ffaad6ee000 	C:\Windows\System32\msvcrt.dll
0x00007ffaac750000 - 0x00007ffaac7ed000 	C:\Windows\System32\msvcp_win.dll
0x00007ffaadd70000 - 0x00007ffaadda0000 	C:\Windows\System32\IMM32.DLL
0x00007ffaa5db0000 - 0x00007ffaa5dbc000 	C:\Users\dell\.jdks\openjdk-19.0.2\bin\vcruntime140_1.dll
0x00007ffa8aac0000 - 0x00007ffa8ab4e000 	C:\Users\dell\.jdks\openjdk-19.0.2\bin\msvcp140.dll
0x00007ffa57a60000 - 0x00007ffa58720000 	C:\Users\dell\.jdks\openjdk-19.0.2\bin\server\jvm.dll
0x00007ffaaed20000 - 0x00007ffaaedcf000 	C:\Windows\System32\ADVAPI32.dll
0x00007ffaadda0000 - 0x00007ffaade3c000 	C:\Windows\System32\sechost.dll
0x00007ffaad450000 - 0x00007ffaad576000 	C:\Windows\System32\RPCRT4.dll
0x00007ffa91fe0000 - 0x00007ffa92007000 	C:\Windows\SYSTEM32\WINMM.dll
0x00007ffaa5190000 - 0x00007ffaa519a000 	C:\Windows\SYSTEM32\VERSION.dll
0x00007ffa90750000 - 0x00007ffa90759000 	C:\Windows\SYSTEM32\WSOCK32.dll
0x00007ffaad6f0000 - 0x00007ffaad75b000 	C:\Windows\System32\WS2_32.dll
0x00007ffaaad40000 - 0x00007ffaaad52000 	C:\Windows\SYSTEM32\kernel.appcore.dll
0x00007ffaa45b0000 - 0x00007ffaa45ba000 	C:\Users\dell\.jdks\openjdk-19.0.2\bin\jimage.dll
0x00007ffaaa100000 - 0x00007ffaaa2e4000 	C:\Windows\SYSTEM32\DBGHELP.DLL
0x00007ffaa27b0000 - 0x00007ffaa27e4000 	C:\Windows\SYSTEM32\dbgcore.DLL
0x00007ffaacde0000 - 0x00007ffaace62000 	C:\Windows\System32\bcryptPrimitives.dll
0x00007ffaa1c30000 - 0x00007ffaa1c3e000 	C:\Users\dell\.jdks\openjdk-19.0.2\bin\instrument.dll
0x00007ffaa1c40000 - 0x00007ffaa1c66000 	C:\Users\dell\.jdks\openjdk-19.0.2\bin\java.dll
0x00007ffa8a0c0000 - 0x00007ffa8a197000 	C:\Users\dell\.jdks\openjdk-19.0.2\bin\jsvml.dll
0x00007ffaae110000 - 0x00007ffaae854000 	C:\Windows\System32\SHELL32.dll
0x00007ffaaa590000 - 0x00007ffaaad23000 	C:\Windows\SYSTEM32\windows.storage.dll
0x00007ffaacf80000 - 0x00007ffaad2d4000 	C:\Windows\System32\combase.dll
0x00007ffaabf50000 - 0x00007ffaabf7e000 	C:\Windows\SYSTEM32\Wldp.dll
0x00007ffaad590000 - 0x00007ffaad63d000 	C:\Windows\System32\SHCORE.dll
0x00007ffaad2e0000 - 0x00007ffaad335000 	C:\Windows\System32\shlwapi.dll
0x00007ffaac430000 - 0x00007ffaac44f000 	C:\Windows\SYSTEM32\profapi.dll
0x00007ffa93d60000 - 0x00007ffa93d78000 	C:\Users\dell\.jdks\openjdk-19.0.2\bin\zip.dll
0x00007ffa9ce90000 - 0x00007ffa9cea3000 	C:\Users\dell\.jdks\openjdk-19.0.2\bin\net.dll
0x00007ffaa6e60000 - 0x00007ffaa6f6a000 	C:\Windows\SYSTEM32\WINHTTP.dll
0x00007ffaabcb0000 - 0x00007ffaabd1a000 	C:\Windows\system32\mswsock.dll
0x00007ffa9b1f0000 - 0x00007ffa9b206000 	C:\Users\dell\.jdks\openjdk-19.0.2\bin\nio.dll
0x00007ffa93060000 - 0x00007ffa9307a000 	E:\Programs\IntelliJ IDEA 2022.3.2\bin\breakgen64.dll
0x00007ffaa1c20000 - 0x00007ffaa1c28000 	C:\Users\dell\.jdks\openjdk-19.0.2\bin\extnet.dll
0x00007ffa89f10000 - 0x00007ffa8a0a0000 	C:\Users\dell\.jdks\openjdk-19.0.2\bin\awt.dll
0x00007ffaade40000 - 0x00007ffaadf0d000 	C:\Windows\System32\OLEAUT32.dll
0x00007ffaa95d0000 - 0x00007ffaa9661000 	C:\Windows\SYSTEM32\apphelp.dll
0x00007ffaa9c00000 - 0x00007ffaa9c2f000 	C:\Windows\system32\DWMAPI.DLL
0x00007ffaa9a10000 - 0x00007ffaa9aae000 	C:\Windows\system32\uxtheme.dll
0x00007ffa6b700000 - 0x00007ffa6b825000 	C:\Windows\system32\opengl32.dll
0x00007ffa6df00000 - 0x00007ffa6df2c000 	C:\Windows\SYSTEM32\GLU32.dll
0x00007ffa5d760000 - 0x00007ffa5d891000 	C:\ProgramData\A-Volute\DellInc.AlienwareSoundCenter\Modules\ScheduledModules\x64\AudioDevProps2.dll
0x00007ffaadfe0000 - 0x00007ffaae10a000 	C:\Windows\System32\ole32.dll
0x00007ffa5d8a0000 - 0x00007ffa5d94e000 	C:\ProgramData\A-Volute\DellInc.AlienwareSoundCenter\Modules\ScheduledModules\x64\NahimicOSD.dll
0x00007ffa5e5a0000 - 0x00007ffa5e5c1000 	C:\ProgramData\A-Volute\DellInc.AlienwareSoundCenter\Modules\ScheduledModules\x64\ProductInfo.dll
0x00007ffaaea50000 - 0x00007ffaaeb64000 	C:\Windows\System32\MSCTF.dll
0x00007ffa89d00000 - 0x00007ffa89d86000 	C:\Users\dell\.jdks\openjdk-19.0.2\bin\freetype.dll
0x00007ffa89bc0000 - 0x00007ffa89c86000 	C:\Users\dell\.jdks\openjdk-19.0.2\bin\fontmanager.dll
0x00007ffa9abc0000 - 0x00007ffa9acba000 	C:\Windows\SYSTEM32\textinputframework.dll
0x00007ffaa93a0000 - 0x00007ffaa9492000 	C:\Windows\System32\CoreMessaging.dll
0x00007ffaa8cc0000 - 0x00007ffaa901e000 	C:\Windows\System32\CoreUIComponents.dll
0x00007ffaa7ce0000 - 0x00007ffaa7e34000 	C:\Windows\SYSTEM32\wintypes.dll
0x00007ffaab6a0000 - 0x00007ffaab6d3000 	C:\Windows\SYSTEM32\ntmarta.dll
0x00007ffaad3a0000 - 0x00007ffaad449000 	C:\Windows\System32\clbcatq.dll
0x00007ffaa2a00000 - 0x00007ffaa2bb4000 	C:\Windows\SYSTEM32\WindowsCodecs.dll
0x00007ffaac5d0000 - 0x00007ffaac5f7000 	C:\Windows\System32\bcrypt.dll
0x00007ffa6cfb0000 - 0x00007ffa6cfee000 	C:\Windows\system32\dataexchange.dll
0x00007ffaa82a0000 - 0x00007ffaa8503000 	C:\Windows\system32\d3d11.dll
0x00007ffaa8ad0000 - 0x00007ffaa8cb3000 	C:\Windows\system32\dcomp.dll
0x00007ffaaadb0000 - 0x00007ffaaaea3000 	C:\Windows\system32\dxgi.dll
0x00007ffaa45f0000 - 0x00007ffaa47f0000 	C:\Windows\system32\twinapi.appcore.dll
0x00007ffa94920000 - 0x00007ffa949cc000 	C:\Windows\SYSTEM32\TextShaping.dll

dbghelp: loaded successfully - version: 4.0.5 - missing functions: none
symbol engine: initialized successfully - sym options: 0x614 - pdb path: .;C:\Users\dell\.jdks\openjdk-19.0.2\bin;C:\Windows\SYSTEM32;C:\Program Files\Avast Software\Avast;C:\Windows\WinSxS\amd64_microsoft.windows.common-controls_6595b64144ccf1df_6.0.19041.1110_none_60b5254171f9507e;C:\Users\dell\.jdks\openjdk-19.0.2\bin\server;E:\Programs\IntelliJ IDEA 2022.3.2\bin;C:\ProgramData\A-Volute\DellInc.AlienwareSoundCenter\Modules\ScheduledModules\x64

VM Arguments:
jvm_args: -javaagent:E:\Programs\IntelliJ IDEA 2022.3.2\lib\idea_rt.jar=1503:E:\Programs\IntelliJ IDEA 2022.3.2\bin -Dfile.encoding=UTF-8 -Dsun.stdout.encoding=UTF-8 -Dsun.stderr.encoding=UTF-8 
java_command: Main
java_class_path (initial): E:\PROJECTS\Bank System DataBase\out\production\Bank System DataBase
Launcher Type: SUN_STANDARD

[Global flags]
     intx CICompilerCount                          = 4                                         {product} {ergonomic}
     uint ConcGCThreads                            = 3                                         {product} {ergonomic}
     uint G1ConcRefinementThreads                  = 10                                        {product} {ergonomic}
   size_t G1HeapRegionSize                         = 2097152                                   {product} {ergonomic}
    uintx GCDrainStackTargetSize                   = 64                                        {product} {ergonomic}
   size_t InitialHeapSize                          = 266338304                                 {product} {ergonomic}
   size_t MarkStackSize                            = 4194304                                   {product} {ergonomic}
   size_t MaxHeapSize                              = 4236247040                                {product} {ergonomic}
   size_t MaxNewSize                               = 2541748224                                {product} {ergonomic}
   size_t MinHeapDeltaBytes                        = 2097152                                   {product} {ergonomic}
   size_t MinHeapSize                              = 8388608                                   {product} {ergonomic}
    uintx NonNMethodCodeHeapSize                   = 5839372                                {pd product} {ergonomic}
    uintx NonProfiledCodeHeapSize                  = 122909434                              {pd product} {ergonomic}
    uintx ProfiledCodeHeapSize                     = 122909434                              {pd product} {ergonomic}
    uintx ReservedCodeCacheSize                    = 251658240                              {pd product} {ergonomic}
     bool SegmentedCodeCache                       = true                                      {product} {ergonomic}
   size_t SoftMaxHeapSize                          = 4236247040                             {manageable} {ergonomic}
     bool UseCompressedClassPointers               = true                           {product lp64_product} {ergonomic}
     bool UseCompressedOops                        = true                           {product lp64_product} {ergonomic}
     bool UseG1GC                                  = true                                      {product} {ergonomic}
     bool UseLargePagesIndividualAllocation        = false                                  {pd product} {ergonomic}

Logging:
Log output configuration:
 #0: stdout all=warning uptime,level,tags foldmultilines=false
 #1: stderr all=off uptime,level,tags foldmultilines=false

Environment Variables:
PATH=C:\Program Files\Python310\Scripts\;C:\Program Files\Python310\;C:\Program Files (x86)\Common Files\Intel\Shared Libraries\redist\intel64\compiler;C:\Windows\system32;C:\Windows;C:\Windows\System32\Wbem;C:\Windows\System32\WindowsPowerShell\v1.0\;C:\Windows\System32\OpenSSH\;C:\Program Files (x86)\NVIDIA Corporation\PhysX\Common;C:\Program Files\Common Files\Autodesk Shared\;C:\msys64\mingw64\bin;E;E:\Programs\Git\cmd;C:\Program Files\MySQL\MySQL Shell 8.0\bin\;C:\Users\dell\AppData\Local\Microsoft\WindowsApps;C:\Users\dell\AppData\Local\Programs\Microsoft VS Code\bin;C:\Users\dell\AppData\Local\GitHubDesktop\bin
USERNAME=dell
OS=Windows_NT
PROCESSOR_IDENTIFIER=Intel64 Family 6 Model 165 Stepping 2, GenuineIntel
TMP=C:\Users\dell\AppData\Local\Temp
TEMP=C:\Users\dell\AppData\Local\Temp



---------------  S Y S T E M  ---------------

OS:
 Windows 10 , 64 bit Build 19041 (10.0.19041.2913)
OS uptime: 0 days 5:49 hours

CPU: total 12 (initial active 12) (6 cores per cpu, 2 threads per core) family 6 model 165 stepping 2 microcode 0xf4, cx8, cmov, fxsr, ht, mmx, 3dnowpref, sse, sse2, sse3, ssse3, sse4.1, sse4.2, popcnt, lzcnt, tsc, tscinvbit, avx, avx2, aes, erms, clmul, bmi1, bmi2, adx, fma, vzeroupper, clflush, clflushopt, rdtscp

Memory: 4k page, system-wide physical 16159M (5589M free)
TotalPageFile size 18207M (AvailPageFile size 6M)
current process WorkingSet (physical memory assigned to process): 89M, peak: 94M
current process commit charge ("private bytes"): 364M, peak: 371M

vm_info: OpenJDK 64-Bit Server VM (19.0.2+7-44) for windows-amd64 JRE (19.0.2+7-44), built on 2022-11-30T18:02:09Z by "mach5one" with MS VC++ 17.1 (VS2022)

END.
